Processing 2024-11-20_00003
Summaries built: heatmap matrix = (1000, 1250) event raster = (1000, 1250)
Saved E:\data\2p_shifted\Cx\2024-11-20_00003\suite2p\plane0\r0p7_filtered_small_multiples_p1.png
Saved E:\data\2p_shifted\Cx\2024-11-20_00003\suite2p\plane0\r0p7_filtered_small_multiples_p2.png
Saved E:\data\2p_shifted\Cx\2024-11-20_00003\suite2p\plane0\r0p7_filtered_small_multiples_p3.png
Saved E:\data\2p_shifted\Cx\2024-11-20_00003\suite2p\plane0\r0p7_filtered_small_multiples_p4.png
Saved E:\data\2p_shifted\Cx\2024-11-20_00003\suite2p\plane0\r0p7_filtered_small_multiples_p5.png
Saved: E:\data\2p_shifted\Cx\2024-11-20_00003\suite2p\plane0\r0p7_filtered_overview_heatmap.png E:\data\2p_shifted\Cx\2024-11-20_00003\suite2p\plane0\r0p7_filtered_event_raster.png and small-multiples pages.
Completed in 42.54229688644409 seconds.
Processing 2024-11-20_00003
Summaries built: heatmap matrix = (1000, 1250) event raster = (1000, 1250)
Saved E:\data\2p_shifted\Cx\2024-11-20_00003\suite2p\plane0\r0p7_filtered_small_multiples_p1.png
Saved E:\data\2p_shifted\Cx\2024-11-20_00003\suite2p\plane0\r0p7_filtered_small_multiples_p2.png
Saved E:\data\2p_shifted\Cx\2024-11-20_00003\suite2p\plane0\r0p7_filtered_small_multiples_p3.png
Saved E:\data\2p_shifted\Cx\2024-11-20_00003\suite2p\plane0\r0p7_filtered_small_multiples_p4.png
Saved E:\data\2p_shifted\Cx\2024-11-20_00003\suite2p\plane0\r0p7_filtered_small_multiples_p5.png
Saved: E:\data\2p_shifted\Cx\2024-11-20_00003\suite2p\plane0\r0p7_filtered_overview_heatmap.png E:\data\2p_shifted\Cx\2024-11-20_00003\suite2p\plane0\r0p7_filtered_event_raster.png and small-multiples pages.
Completed in 42.02890658378601 seconds.
Processing 2024-11-20_00003
Summaries built: heatmap matrix = (1000, 1250) event raster = (1000, 1250)
Saved E:\data\2p_shifted\Cx\2024-11-20_00003\suite2p\plane0\r0p7_filtered_small_multiples_p1.png
Saved E:\data\2p_shifted\Cx\2024-11-20_00003\suite2p\plane0\r0p7_filtered_small_multiples_p2.png
Processing 2024-11-20_00003
Summaries built: heatmap matrix = (1000, 1250) event raster = (1000, 1250)
Saved E:\data\2p_shifted\Cx\2024-11-20_00003\suite2p\plane0\r0p7_filtered_small_multiples_p1.png
Saved E:\data\2p_shifted\Cx\2024-11-20_00003\suite2p\plane0\r0p7_filtered_small_multiples_p2.png
Saved E:\data\2p_shifted\Cx\2024-11-20_00003\suite2p\plane0\r0p7_filtered_small_multiples_p3.png
Processing 2024-11-20_00003
Summaries built: heatmap matrix = (3052, 1250) event raster = (3052, 1250)
Saved E:\data\2p_shifted\Cx\2024-11-20_00003\suite2p\plane0\r0p7_filtered_small_multiples_p1.png
Saved E:\data\2p_shifted\Cx\2024-11-20_00003\suite2p\plane0\r0p7_filtered_small_multiples_p2.png
Saved E:\data\2p_shifted\Cx\2024-11-20_00003\suite2p\plane0\r0p7_filtered_small_multiples_p3.png
Saved E:\data\2p_shifted\Cx\2024-11-20_00003\suite2p\plane0\r0p7_filtered_small_multiples_p4.png
Saved E:\data\2p_shifted\Cx\2024-11-20_00003\suite2p\plane0\r0p7_filtered_small_multiples_p5.png
Saved: E:\data\2p_shifted\Cx\2024-11-20_00003\suite2p\plane0\r0p7_filtered_overview_heatmap.png E:\data\2p_shifted\Cx\2024-11-20_00003\suite2p\plane0\r0p7_filtered_event_raster.png and small-multiples pages.
Completed in 43.42754936218262 seconds.
Processing 2024-11-20_00003
Summaries built: heatmap matrix = (3052, 1250) event raster = (3052, 1250)
Saved E:\data\2p_shifted\Cx\2024-11-20_00003\suite2p\plane0\r0p7_filtered_small_multiples_p1.png
Saved E:\data\2p_shifted\Cx\2024-11-20_00003\suite2p\plane0\r0p7_filtered_small_multiples_p2.png
Saved E:\data\2p_shifted\Cx\2024-11-20_00003\suite2p\plane0\r0p7_filtered_small_multiples_p3.png
Saved E:\data\2p_shifted\Cx\2024-11-20_00003\suite2p\plane0\r0p7_filtered_small_multiples_p4.png
Saved E:\data\2p_shifted\Cx\2024-11-20_00003\suite2p\plane0\r0p7_filtered_small_multiples_p5.png
Saved: E:\data\2p_shifted\Cx\2024-11-20_00003\suite2p\plane0\r0p7_filtered_overview_heatmap.png E:\data\2p_shifted\Cx\2024-11-20_00003\suite2p\plane0\r0p7_filtered_event_raster.png and small-multiples pages.
Completed in 43.179954528808594 seconds.
Processing 2024-11-20_00003
Summaries built: heatmap matrix = (3052, 1250) event raster = (3052, 1250)
Saved E:\data\2p_shifted\Cx\2024-11-20_00003\suite2p\plane0\r0p7_filtered_small_multiples_p1.png
Saved E:\data\2p_shifted\Cx\2024-11-20_00003\suite2p\plane0\r0p7_filtered_small_multiples_p2.png
Saved E:\data\2p_shifted\Cx\2024-11-20_00003\suite2p\plane0\r0p7_filtered_small_multiples_p3.png
Saved E:\data\2p_shifted\Cx\2024-11-20_00003\suite2p\plane0\r0p7_filtered_small_multiples_p4.png
Saved E:\data\2p_shifted\Cx\2024-11-20_00003\suite2p\plane0\r0p7_filtered_small_multiples_p5.png
Saved: E:\data\2p_shifted\Cx\2024-11-20_00003\suite2p\plane0\r0p7_filtered_overview_heatmap.png E:\data\2p_shifted\Cx\2024-11-20_00003\suite2p\plane0\r0p7_filtered_event_raster.png and small-multiples pages.
Completed in 43.05362677574158 seconds.
Processing 2024-11-20_00003
Summaries built: heatmap matrix = (3052, 1250) event raster = (3052, 1250)
Saved E:\data\2p_shifted\Cx\2024-11-20_00003\suite2p\plane0\r0p7_filtered_small_multiples_p1.png
Saved E:\data\2p_shifted\Cx\2024-11-20_00003\suite2p\plane0\r0p7_filtered_small_multiples_p2.png
Saved E:\data\2p_shifted\Cx\2024-11-20_00003\suite2p\plane0\r0p7_filtered_small_multiples_p3.png
Saved E:\data\2p_shifted\Cx\2024-11-20_00003\suite2p\plane0\r0p7_filtered_small_multiples_p4.png
Saved E:\data\2p_shifted\Cx\2024-11-20_00003\suite2p\plane0\r0p7_filtered_small_multiples_p5.png
Saved: E:\data\2p_shifted\Cx\2024-11-20_00003\suite2p\plane0\r0p7_filtered_overview_heatmap.png E:\data\2p_shifted\Cx\2024-11-20_00003\suite2p\plane0\r0p7_filtered_event_raster.png and small-multiples pages.
Completed in 58.92564654350281 seconds.
Processing 2024-11-20_00003
Summaries built: heatmap matrix = (3052, 1250) event raster = (3052, 1250)
Saved E:\data\2p_shifted\Cx\2024-11-20_00003\suite2p\plane0\r0p7_filtered_small_multiples_p1.png
Saved E:\data\2p_shifted\Cx\2024-11-20_00003\suite2p\plane0\r0p7_filtered_small_multiples_p2.png
Saved E:\data\2p_shifted\Cx\2024-11-20_00003\suite2p\plane0\r0p7_filtered_small_multiples_p3.png
Saved E:\data\2p_shifted\Cx\2024-11-20_00003\suite2p\plane0\r0p7_filtered_small_multiples_p4.png
Saved E:\data\2p_shifted\Cx\2024-11-20_00003\suite2p\plane0\r0p7_filtered_small_multiples_p5.png
Saved: E:\data\2p_shifted\Cx\2024-11-20_00003\suite2p\plane0\r0p7_filtered_overview_heatmap.png E:\data\2p_shifted\Cx\2024-11-20_00003\suite2p\plane0\r0p7_filtered_event_raster.png and small-multiples pages.
Completed in 43.994669914245605 seconds.
Processing 2024-11-20_00004
Summaries built: heatmap matrix = (765, 1250) event raster = (765, 1250)
Saved E:\data\2p_shifted\Cx\2024-11-20_00004\suite2p\plane0\r0p7_filtered_small_multiples_p1.png
Saved E:\data\2p_shifted\Cx\2024-11-20_00004\suite2p\plane0\r0p7_filtered_small_multiples_p2.png
Saved E:\data\2p_shifted\Cx\2024-11-20_00004\suite2p\plane0\r0p7_filtered_small_multiples_p3.png
Saved E:\data\2p_shifted\Cx\2024-11-20_00004\suite2p\plane0\r0p7_filtered_small_multiples_p4.png
Saved E:\data\2p_shifted\Cx\2024-11-20_00004\suite2p\plane0\r0p7_filtered_small_multiples_p5.png
Saved: E:\data\2p_shifted\Cx\2024-11-20_00004\suite2p\plane0\r0p7_filtered_overview_heatmap.png E:\data\2p_shifted\Cx\2024-11-20_00004\suite2p\plane0\r0p7_filtered_event_raster.png and small-multiples pages.
Completed in 41.703452587127686 seconds.
Processing 2024-06-03_00012
Summaries built: heatmap matrix = (33, 1250) event raster = (33, 1250)
Saved E:\data\2p_shifted\Cx\2024-06-03_00012\suite2p\plane0\r0p7_filtered_small_multiples_p1.png
Saved: E:\data\2p_shifted\Cx\2024-06-03_00012\suite2p\plane0\r0p7_filtered_overview_heatmap.png E:\data\2p_shifted\Cx\2024-06-03_00012\suite2p\plane0\r0p7_filtered_event_raster.png and small-multiples pages.
Completed in 5.1361083984375 seconds.
Processing 2024-06-03_00013
Summaries built: heatmap matrix = (608, 1250) event raster = (608, 1250)
Saved E:\data\2p_shifted\Cx\2024-06-03_00013\suite2p\plane0\r0p7_filtered_small_multiples_p1.png
Saved E:\data\2p_shifted\Cx\2024-06-03_00013\suite2p\plane0\r0p7_filtered_small_multiples_p2.png
Saved E:\data\2p_shifted\Cx\2024-06-03_00013\suite2p\plane0\r0p7_filtered_small_multiples_p3.png
Saved E:\data\2p_shifted\Cx\2024-06-03_00013\suite2p\plane0\r0p7_filtered_small_multiples_p4.png
Saved E:\data\2p_shifted\Cx\2024-06-03_00013\suite2p\plane0\r0p7_filtered_small_multiples_p5.png
Saved: E:\data\2p_shifted\Cx\2024-06-03_00013\suite2p\plane0\r0p7_filtered_overview_heatmap.png E:\data\2p_shifted\Cx\2024-06-03_00013\suite2p\plane0\r0p7_filtered_event_raster.png and small-multiples pages.
Completed in 39.450867652893066 seconds.
Processing 2024-06-04_00006
Summaries built: heatmap matrix = (877, 1250) event raster = (877, 1250)
Saved E:\data\2p_shifted\Cx\2024-06-04_00006\suite2p\plane0\r0p7_filtered_small_multiples_p1.png
Saved E:\data\2p_shifted\Cx\2024-06-04_00006\suite2p\plane0\r0p7_filtered_small_multiples_p2.png
Saved E:\data\2p_shifted\Cx\2024-06-04_00006\suite2p\plane0\r0p7_filtered_small_multiples_p3.png
Saved E:\data\2p_shifted\Cx\2024-06-04_00006\suite2p\plane0\r0p7_filtered_small_multiples_p4.png
Saved E:\data\2p_shifted\Cx\2024-06-04_00006\suite2p\plane0\r0p7_filtered_small_multiples_p5.png
Saved: E:\data\2p_shifted\Cx\2024-06-04_00006\suite2p\plane0\r0p7_filtered_overview_heatmap.png E:\data\2p_shifted\Cx\2024-06-04_00006\suite2p\plane0\r0p7_filtered_event_raster.png and small-multiples pages.
Completed in 41.63824963569641 seconds.
Processing 2024-06-05_00001
Summaries built: heatmap matrix = (206, 1250) event raster = (206, 1250)
Saved E:\data\2p_shifted\Cx\2024-06-05_00001\suite2p\plane0\r0p7_filtered_small_multiples_p1.png
Saved E:\data\2p_shifted\Cx\2024-06-05_00001\suite2p\plane0\r0p7_filtered_small_multiples_p2.png
Saved E:\data\2p_shifted\Cx\2024-06-05_00001\suite2p\plane0\r0p7_filtered_small_multiples_p3.png
Saved: E:\data\2p_shifted\Cx\2024-06-05_00001\suite2p\plane0\r0p7_filtered_overview_heatmap.png E:\data\2p_shifted\Cx\2024-06-05_00001\suite2p\plane0\r0p7_filtered_event_raster.png and small-multiples pages.
Completed in 20.094854831695557 seconds.
Processing 2024-06-05_00002
Summaries built: heatmap matrix = (303, 1250) event raster = (303, 1250)
Saved E:\data\2p_shifted\Cx\2024-06-05_00002\suite2p\plane0\r0p7_filtered_small_multiples_p1.png
Saved E:\data\2p_shifted\Cx\2024-06-05_00002\suite2p\plane0\r0p7_filtered_small_multiples_p2.png
Saved E:\data\2p_shifted\Cx\2024-06-05_00002\suite2p\plane0\r0p7_filtered_small_multiples_p3.png
Saved E:\data\2p_shifted\Cx\2024-06-05_00002\suite2p\plane0\r0p7_filtered_small_multiples_p4.png
Saved: E:\data\2p_shifted\Cx\2024-06-05_00002\suite2p\plane0\r0p7_filtered_overview_heatmap.png E:\data\2p_shifted\Cx\2024-06-05_00002\suite2p\plane0\r0p7_filtered_event_raster.png and small-multiples pages.
Completed in 27.51919150352478 seconds.
Processing 2024-06-05_00006
Summaries built: heatmap matrix = (163, 1250) event raster = (163, 1250)
Saved E:\data\2p_shifted\Cx\2024-06-05_00006\suite2p\plane0\r0p7_filtered_small_multiples_p1.png
Saved E:\data\2p_shifted\Cx\2024-06-05_00006\suite2p\plane0\r0p7_filtered_small_multiples_p2.png
Saved: E:\data\2p_shifted\Cx\2024-06-05_00006\suite2p\plane0\r0p7_filtered_overview_heatmap.png E:\data\2p_shifted\Cx\2024-06-05_00006\suite2p\plane0\r0p7_filtered_event_raster.png and small-multiples pages.
Completed in 14.94984221458435 seconds.
Processing 2024-06-05_00007
Summaries built: heatmap matrix = (794, 1250) event raster = (794, 1250)
Saved E:\data\2p_shifted\Cx\2024-06-05_00007\suite2p\plane0\r0p7_filtered_small_multiples_p1.png
Saved E:\data\2p_shifted\Cx\2024-06-05_00007\suite2p\plane0\r0p7_filtered_small_multiples_p2.png
Saved E:\data\2p_shifted\Cx\2024-06-05_00007\suite2p\plane0\r0p7_filtered_small_multiples_p3.png
Saved E:\data\2p_shifted\Cx\2024-06-05_00007\suite2p\plane0\r0p7_filtered_small_multiples_p4.png
Saved E:\data\2p_shifted\Cx\2024-06-05_00007\suite2p\plane0\r0p7_filtered_small_multiples_p5.png
Saved: E:\data\2p_shifted\Cx\2024-06-05_00007\suite2p\plane0\r0p7_filtered_overview_heatmap.png E:\data\2p_shifted\Cx\2024-06-05_00007\suite2p\plane0\r0p7_filtered_event_raster.png and small-multiples pages.
Completed in 39.95699501037598 seconds.
Processing 2024-07-01_00016
Summaries built: heatmap matrix = (253, 1241) event raster = (253, 1241)
Saved E:\data\2p_shifted\Cx\2024-07-01_00016\suite2p\plane0\r0p7_filtered_small_multiples_p1.png
Saved E:\data\2p_shifted\Cx\2024-07-01_00016\suite2p\plane0\r0p7_filtered_small_multiples_p2.png
Saved E:\data\2p_shifted\Cx\2024-07-01_00016\suite2p\plane0\r0p7_filtered_small_multiples_p3.png
Saved: E:\data\2p_shifted\Cx\2024-07-01_00016\suite2p\plane0\r0p7_filtered_overview_heatmap.png E:\data\2p_shifted\Cx\2024-07-01_00016\suite2p\plane0\r0p7_filtered_event_raster.png and small-multiples pages.
Completed in 21.380762577056885 seconds.
Processing 2024-07-01_00017
Summaries built: heatmap matrix = (197, 1312) event raster = (197, 1312)
Saved E:\data\2p_shifted\Cx\2024-07-01_00017\suite2p\plane0\r0p7_filtered_small_multiples_p1.png
Saved E:\data\2p_shifted\Cx\2024-07-01_00017\suite2p\plane0\r0p7_filtered_small_multiples_p2.png
Saved E:\data\2p_shifted\Cx\2024-07-01_00017\suite2p\plane0\r0p7_filtered_small_multiples_p3.png
Saved: E:\data\2p_shifted\Cx\2024-07-01_00017\suite2p\plane0\r0p7_filtered_overview_heatmap.png E:\data\2p_shifted\Cx\2024-07-01_00017\suite2p\plane0\r0p7_filtered_event_raster.png and small-multiples pages.
Completed in 18.236973524093628 seconds.
Processing 2024-07-01_00018
Summaries built: heatmap matrix = (650, 1250) event raster = (650, 1250)
Saved E:\data\2p_shifted\Cx\2024-07-01_00018\suite2p\plane0\r0p7_filtered_small_multiples_p1.png
Saved E:\data\2p_shifted\Cx\2024-07-01_00018\suite2p\plane0\r0p7_filtered_small_multiples_p2.png
Saved E:\data\2p_shifted\Cx\2024-07-01_00018\suite2p\plane0\r0p7_filtered_small_multiples_p3.png
Saved E:\data\2p_shifted\Cx\2024-07-01_00018\suite2p\plane0\r0p7_filtered_small_multiples_p4.png
Saved E:\data\2p_shifted\Cx\2024-07-01_00018\suite2p\plane0\r0p7_filtered_small_multiples_p5.png
Saved: E:\data\2p_shifted\Cx\2024-07-01_00018\suite2p\plane0\r0p7_filtered_overview_heatmap.png E:\data\2p_shifted\Cx\2024-07-01_00018\suite2p\plane0\r0p7_filtered_event_raster.png and small-multiples pages.
Completed in 39.32801842689514 seconds.
Processing 2024-07-01_00019
Summaries built: heatmap matrix = (412, 1250) event raster = (412, 1250)
Saved E:\data\2p_shifted\Cx\2024-07-01_00019\suite2p\plane0\r0p7_filtered_small_multiples_p1.png
Saved E:\data\2p_shifted\Cx\2024-07-01_00019\suite2p\plane0\r0p7_filtered_small_multiples_p2.png
Saved E:\data\2p_shifted\Cx\2024-07-01_00019\suite2p\plane0\r0p7_filtered_small_multiples_p3.png
Saved E:\data\2p_shifted\Cx\2024-07-01_00019\suite2p\plane0\r0p7_filtered_small_multiples_p4.png
Saved E:\data\2p_shifted\Cx\2024-07-01_00019\suite2p\plane0\r0p7_filtered_small_multiples_p5.png
Saved: E:\data\2p_shifted\Cx\2024-07-01_00019\suite2p\plane0\r0p7_filtered_overview_heatmap.png E:\data\2p_shifted\Cx\2024-07-01_00019\suite2p\plane0\r0p7_filtered_event_raster.png and small-multiples pages.
Completed in 35.39301252365112 seconds.
Processing 2024-07-02_00001
Summaries built: heatmap matrix = (338, 1250) event raster = (338, 1250)
Saved E:\data\2p_shifted\Cx\2024-07-02_00001\suite2p\plane0\r0p7_filtered_small_multiples_p1.png
Saved E:\data\2p_shifted\Cx\2024-07-02_00001\suite2p\plane0\r0p7_filtered_small_multiples_p2.png
Saved E:\data\2p_shifted\Cx\2024-07-02_00001\suite2p\plane0\r0p7_filtered_small_multiples_p3.png
Saved E:\data\2p_shifted\Cx\2024-07-02_00001\suite2p\plane0\r0p7_filtered_small_multiples_p4.png
Saved: E:\data\2p_shifted\Cx\2024-07-02_00001\suite2p\plane0\r0p7_filtered_overview_heatmap.png E:\data\2p_shifted\Cx\2024-07-02_00001\suite2p\plane0\r0p7_filtered_event_raster.png and small-multiples pages.
Completed in 28.652010202407837 seconds.
Processing 2024-07-02_00002
Summaries built: heatmap matrix = (255, 1250) event raster = (255, 1250)
Saved E:\data\2p_shifted\Cx\2024-07-02_00002\suite2p\plane0\r0p7_filtered_small_multiples_p1.png
Saved E:\data\2p_shifted\Cx\2024-07-02_00002\suite2p\plane0\r0p7_filtered_small_multiples_p2.png
Saved E:\data\2p_shifted\Cx\2024-07-02_00002\suite2p\plane0\r0p7_filtered_small_multiples_p3.png
Saved: E:\data\2p_shifted\Cx\2024-07-02_00002\suite2p\plane0\r0p7_filtered_overview_heatmap.png E:\data\2p_shifted\Cx\2024-07-02_00002\suite2p\plane0\r0p7_filtered_event_raster.png and small-multiples pages.
Completed in 21.845703840255737 seconds.
Processing 2024-07-02_00005
Summaries built: heatmap matrix = (496, 1250) event raster = (496, 1250)
Saved E:\data\2p_shifted\Cx\2024-07-02_00005\suite2p\plane0\r0p7_filtered_small_multiples_p1.png
Saved E:\data\2p_shifted\Cx\2024-07-02_00005\suite2p\plane0\r0p7_filtered_small_multiples_p2.png
Saved E:\data\2p_shifted\Cx\2024-07-02_00005\suite2p\plane0\r0p7_filtered_small_multiples_p3.png
Saved E:\data\2p_shifted\Cx\2024-07-02_00005\suite2p\plane0\r0p7_filtered_small_multiples_p4.png
Saved E:\data\2p_shifted\Cx\2024-07-02_00005\suite2p\plane0\r0p7_filtered_small_multiples_p5.png
Saved: E:\data\2p_shifted\Cx\2024-07-02_00005\suite2p\plane0\r0p7_filtered_overview_heatmap.png E:\data\2p_shifted\Cx\2024-07-02_00005\suite2p\plane0\r0p7_filtered_event_raster.png and small-multiples pages.
Completed in 38.78071331977844 seconds.
Processing 2024-07-02_00006
Summaries built: heatmap matrix = (619, 1250) event raster = (619, 1250)
Saved E:\data\2p_shifted\Cx\2024-07-02_00006\suite2p\plane0\r0p7_filtered_small_multiples_p1.png
Saved E:\data\2p_shifted\Cx\2024-07-02_00006\suite2p\plane0\r0p7_filtered_small_multiples_p2.png
Saved E:\data\2p_shifted\Cx\2024-07-02_00006\suite2p\plane0\r0p7_filtered_small_multiples_p3.png
Saved E:\data\2p_shifted\Cx\2024-07-02_00006\suite2p\plane0\r0p7_filtered_small_multiples_p4.png
Saved E:\data\2p_shifted\Cx\2024-07-02_00006\suite2p\plane0\r0p7_filtered_small_multiples_p5.png
Saved: E:\data\2p_shifted\Cx\2024-07-02_00006\suite2p\plane0\r0p7_filtered_overview_heatmap.png E:\data\2p_shifted\Cx\2024-07-02_00006\suite2p\plane0\r0p7_filtered_event_raster.png and small-multiples pages.
Completed in 38.94540095329285 seconds.
Processing 2024-07-02_00007
Summaries built: heatmap matrix = (300, 1250) event raster = (300, 1250)
Saved E:\data\2p_shifted\Cx\2024-07-02_00007\suite2p\plane0\r0p7_filtered_small_multiples_p1.png
Saved E:\data\2p_shifted\Cx\2024-07-02_00007\suite2p\plane0\r0p7_filtered_small_multiples_p2.png
Saved E:\data\2p_shifted\Cx\2024-07-02_00007\suite2p\plane0\r0p7_filtered_small_multiples_p3.png
Saved E:\data\2p_shifted\Cx\2024-07-02_00007\suite2p\plane0\r0p7_filtered_small_multiples_p4.png
Saved: E:\data\2p_shifted\Cx\2024-07-02_00007\suite2p\plane0\r0p7_filtered_overview_heatmap.png E:\data\2p_shifted\Cx\2024-07-02_00007\suite2p\plane0\r0p7_filtered_event_raster.png and small-multiples pages.
Completed in 26.830992221832275 seconds.
Processing 2024-07-02_00008
Summaries built: heatmap matrix = (1230, 1250) event raster = (1230, 1250)
Saved E:\data\2p_shifted\Cx\2024-07-02_00008\suite2p\plane0\r0p7_filtered_small_multiples_p1.png
Saved E:\data\2p_shifted\Cx\2024-07-02_00008\suite2p\plane0\r0p7_filtered_small_multiples_p2.png
Saved E:\data\2p_shifted\Cx\2024-07-02_00008\suite2p\plane0\r0p7_filtered_small_multiples_p3.png
Saved E:\data\2p_shifted\Cx\2024-07-02_00008\suite2p\plane0\r0p7_filtered_small_multiples_p4.png
Saved E:\data\2p_shifted\Cx\2024-07-02_00008\suite2p\plane0\r0p7_filtered_small_multiples_p5.png
Saved: E:\data\2p_shifted\Cx\2024-07-02_00008\suite2p\plane0\r0p7_filtered_overview_heatmap.png E:\data\2p_shifted\Cx\2024-07-02_00008\suite2p\plane0\r0p7_filtered_event_raster.png and small-multiples pages.
Completed in 40.27288269996643 seconds.
Processing 2024-07-02_00012
Summaries built: heatmap matrix = (329, 1250) event raster = (329, 1250)
Saved E:\data\2p_shifted\Cx\2024-07-02_00012\suite2p\plane0\r0p7_filtered_small_multiples_p1.png
Saved E:\data\2p_shifted\Cx\2024-07-02_00012\suite2p\plane0\r0p7_filtered_small_multiples_p2.png
Saved E:\data\2p_shifted\Cx\2024-07-02_00012\suite2p\plane0\r0p7_filtered_small_multiples_p3.png
Saved E:\data\2p_shifted\Cx\2024-07-02_00012\suite2p\plane0\r0p7_filtered_small_multiples_p4.png
Saved: E:\data\2p_shifted\Cx\2024-07-02_00012\suite2p\plane0\r0p7_filtered_overview_heatmap.png E:\data\2p_shifted\Cx\2024-07-02_00012\suite2p\plane0\r0p7_filtered_event_raster.png and small-multiples pages.
Completed in 28.232097864151 seconds.
Processing 2024-07-02_00013
Summaries built: heatmap matrix = (182, 1250) event raster = (182, 1250)
Saved E:\data\2p_shifted\Cx\2024-07-02_00013\suite2p\plane0\r0p7_filtered_small_multiples_p1.png
Saved E:\data\2p_shifted\Cx\2024-07-02_00013\suite2p\plane0\r0p7_filtered_small_multiples_p2.png
Saved: E:\data\2p_shifted\Cx\2024-07-02_00013\suite2p\plane0\r0p7_filtered_overview_heatmap.png E:\data\2p_shifted\Cx\2024-07-02_00013\suite2p\plane0\r0p7_filtered_event_raster.png and small-multiples pages.
Completed in 14.959245204925537 seconds.
Processing 2024-08-20_00001
Summaries built: heatmap matrix = (98, 1250) event raster = (98, 1250)
Saved E:\data\2p_shifted\Cx\2024-08-20_00001\suite2p\plane0\r0p7_filtered_small_multiples_p1.png
Saved E:\data\2p_shifted\Cx\2024-08-20_00001\suite2p\plane0\r0p7_filtered_small_multiples_p2.png
Saved: E:\data\2p_shifted\Cx\2024-08-20_00001\suite2p\plane0\r0p7_filtered_overview_heatmap.png E:\data\2p_shifted\Cx\2024-08-20_00001\suite2p\plane0\r0p7_filtered_event_raster.png and small-multiples pages.
Completed in 11.276262521743774 seconds.
Processing 2024-08-20_00002
Summaries built: heatmap matrix = (106, 1250) event raster = (106, 1250)
Saved E:\data\2p_shifted\Cx\2024-08-20_00002\suite2p\plane0\r0p7_filtered_small_multiples_p1.png
Saved E:\data\2p_shifted\Cx\2024-08-20_00002\suite2p\plane0\r0p7_filtered_small_multiples_p2.png
Saved: E:\data\2p_shifted\Cx\2024-08-20_00002\suite2p\plane0\r0p7_filtered_overview_heatmap.png E:\data\2p_shifted\Cx\2024-08-20_00002\suite2p\plane0\r0p7_filtered_event_raster.png and small-multiples pages.
Completed in 11.774266481399536 seconds.
Processing 2024-08-21_00001
Summaries built: heatmap matrix = (98, 1250) event raster = (98, 1250)
Saved E:\data\2p_shifted\Cx\2024-08-21_00001\suite2p\plane0\r0p7_filtered_small_multiples_p1.png
Saved E:\data\2p_shifted\Cx\2024-08-21_00001\suite2p\plane0\r0p7_filtered_small_multiples_p2.png
Saved: E:\data\2p_shifted\Cx\2024-08-21_00001\suite2p\plane0\r0p7_filtered_overview_heatmap.png E:\data\2p_shifted\Cx\2024-08-21_00001\suite2p\plane0\r0p7_filtered_event_raster.png and small-multiples pages.
Completed in 11.283610820770264 seconds.
Processing 2024-08-21_00002
Summaries built: heatmap matrix = (232, 1250) event raster = (232, 1250)
Saved E:\data\2p_shifted\Cx\2024-08-21_00002\suite2p\plane0\r0p7_filtered_small_multiples_p1.png
Saved E:\data\2p_shifted\Cx\2024-08-21_00002\suite2p\plane0\r0p7_filtered_small_multiples_p2.png
Saved E:\data\2p_shifted\Cx\2024-08-21_00002\suite2p\plane0\r0p7_filtered_small_multiples_p3.png
Saved: E:\data\2p_shifted\Cx\2024-08-21_00002\suite2p\plane0\r0p7_filtered_overview_heatmap.png E:\data\2p_shifted\Cx\2024-08-21_00002\suite2p\plane0\r0p7_filtered_event_raster.png and small-multiples pages.
Completed in 21.91350769996643 seconds.
Processing 2024-08-21_00003
Summaries built: heatmap matrix = (324, 1250) event raster = (324, 1250)
Saved E:\data\2p_shifted\Cx\2024-08-21_00003\suite2p\plane0\r0p7_filtered_small_multiples_p1.png
Saved E:\data\2p_shifted\Cx\2024-08-21_00003\suite2p\plane0\r0p7_filtered_small_multiples_p2.png
Saved E:\data\2p_shifted\Cx\2024-08-21_00003\suite2p\plane0\r0p7_filtered_small_multiples_p3.png
Saved E:\data\2p_shifted\Cx\2024-08-21_00003\suite2p\plane0\r0p7_filtered_small_multiples_p4.png
Saved: E:\data\2p_shifted\Cx\2024-08-21_00003\suite2p\plane0\r0p7_filtered_overview_heatmap.png E:\data\2p_shifted\Cx\2024-08-21_00003\suite2p\plane0\r0p7_filtered_event_raster.png and small-multiples pages.
Completed in 29.72806143760681 seconds.
Processing 2024-08-22_00001
Summaries built: heatmap matrix = (82, 1250) event raster = (82, 1250)
Saved E:\data\2p_shifted\Cx\2024-08-22_00001\suite2p\plane0\r0p7_filtered_small_multiples_p1.png
Saved: E:\data\2p_shifted\Cx\2024-08-22_00001\suite2p\plane0\r0p7_filtered_overview_heatmap.png E:\data\2p_shifted\Cx\2024-08-22_00001\suite2p\plane0\r0p7_filtered_event_raster.png and small-multiples pages.
Completed in 7.505042552947998 seconds.
Processing 2024-08-22_00002
Summaries built: heatmap matrix = (33, 1250) event raster = (33, 1250)
Saved E:\data\2p_shifted\Cx\2024-08-22_00002\suite2p\plane0\r0p7_filtered_small_multiples_p1.png
Saved: E:\data\2p_shifted\Cx\2024-08-22_00002\suite2p\plane0\r0p7_filtered_overview_heatmap.png E:\data\2p_shifted\Cx\2024-08-22_00002\suite2p\plane0\r0p7_filtered_event_raster.png and small-multiples pages.
Completed in 5.154839038848877 seconds.
Processing 2024-08-22_00003
Summaries built: heatmap matrix = (104, 1250) event raster = (104, 1250)
Saved E:\data\2p_shifted\Cx\2024-08-22_00003\suite2p\plane0\r0p7_filtered_small_multiples_p1.png
Saved E:\data\2p_shifted\Cx\2024-08-22_00003\suite2p\plane0\r0p7_filtered_small_multiples_p2.png
Saved: E:\data\2p_shifted\Cx\2024-08-22_00003\suite2p\plane0\r0p7_filtered_overview_heatmap.png E:\data\2p_shifted\Cx\2024-08-22_00003\suite2p\plane0\r0p7_filtered_event_raster.png and small-multiples pages.
Completed in 11.277402400970459 seconds.
Processing 2024-08-22_00004
Summaries built: heatmap matrix = (106, 1250) event raster = (106, 1250)
Saved E:\data\2p_shifted\Cx\2024-08-22_00004\suite2p\plane0\r0p7_filtered_small_multiples_p1.png
Saved E:\data\2p_shifted\Cx\2024-08-22_00004\suite2p\plane0\r0p7_filtered_small_multiples_p2.png
Saved: E:\data\2p_shifted\Cx\2024-08-22_00004\suite2p\plane0\r0p7_filtered_overview_heatmap.png E:\data\2p_shifted\Cx\2024-08-22_00004\suite2p\plane0\r0p7_filtered_event_raster.png and small-multiples pages.
Completed in 11.475396394729614 seconds.
Processing 2024-10-30_00010
Summaries built: heatmap matrix = (603, 1250) event raster = (603, 1250)
Saved E:\data\2p_shifted\Cx\2024-10-30_00010\suite2p\plane0\r0p7_filtered_small_multiples_p1.png
Saved E:\data\2p_shifted\Cx\2024-10-30_00010\suite2p\plane0\r0p7_filtered_small_multiples_p2.png
Saved E:\data\2p_shifted\Cx\2024-10-30_00010\suite2p\plane0\r0p7_filtered_small_multiples_p3.png
Saved E:\data\2p_shifted\Cx\2024-10-30_00010\suite2p\plane0\r0p7_filtered_small_multiples_p4.png
Saved E:\data\2p_shifted\Cx\2024-10-30_00010\suite2p\plane0\r0p7_filtered_small_multiples_p5.png
Saved: E:\data\2p_shifted\Cx\2024-10-30_00010\suite2p\plane0\r0p7_filtered_overview_heatmap.png E:\data\2p_shifted\Cx\2024-10-30_00010\suite2p\plane0\r0p7_filtered_event_raster.png and small-multiples pages.
Completed in 40.959577798843384 seconds.
Processing 2024-11-04_00003
Summaries built: heatmap matrix = (885, 1250) event raster = (885, 1250)
Saved E:\data\2p_shifted\Cx\2024-11-04_00003\suite2p\plane0\r0p7_filtered_small_multiples_p1.png
Saved E:\data\2p_shifted\Cx\2024-11-04_00003\suite2p\plane0\r0p7_filtered_small_multiples_p2.png
Saved E:\data\2p_shifted\Cx\2024-11-04_00003\suite2p\plane0\r0p7_filtered_small_multiples_p3.png
Saved E:\data\2p_shifted\Cx\2024-11-04_00003\suite2p\plane0\r0p7_filtered_small_multiples_p4.png
Saved E:\data\2p_shifted\Cx\2024-11-04_00003\suite2p\plane0\r0p7_filtered_small_multiples_p5.png
Saved: E:\data\2p_shifted\Cx\2024-11-04_00003\suite2p\plane0\r0p7_filtered_overview_heatmap.png E:\data\2p_shifted\Cx\2024-11-04_00003\suite2p\plane0\r0p7_filtered_event_raster.png and small-multiples pages.
Completed in 40.25586462020874 seconds.
Processing 2024-11-04_00004
Summaries built: heatmap matrix = (276, 1250) event raster = (276, 1250)
Saved E:\data\2p_shifted\Cx\2024-11-04_00004\suite2p\plane0\r0p7_filtered_small_multiples_p1.png
Saved E:\data\2p_shifted\Cx\2024-11-04_00004\suite2p\plane0\r0p7_filtered_small_multiples_p2.png
Saved E:\data\2p_shifted\Cx\2024-11-04_00004\suite2p\plane0\r0p7_filtered_small_multiples_p3.png
Saved: E:\data\2p_shifted\Cx\2024-11-04_00004\suite2p\plane0\r0p7_filtered_overview_heatmap.png E:\data\2p_shifted\Cx\2024-11-04_00004\suite2p\plane0\r0p7_filtered_event_raster.png and small-multiples pages.
Completed in 23.251235485076904 seconds.
Processing 2024-11-04_00005
Summaries built: heatmap matrix = (690, 1250) event raster = (690, 1250)
Saved E:\data\2p_shifted\Cx\2024-11-04_00005\suite2p\plane0\r0p7_filtered_small_multiples_p1.png
Saved E:\data\2p_shifted\Cx\2024-11-04_00005\suite2p\plane0\r0p7_filtered_small_multiples_p2.png
Saved E:\data\2p_shifted\Cx\2024-11-04_00005\suite2p\plane0\r0p7_filtered_small_multiples_p3.png
Saved E:\data\2p_shifted\Cx\2024-11-04_00005\suite2p\plane0\r0p7_filtered_small_multiples_p4.png
Saved E:\data\2p_shifted\Cx\2024-11-04_00005\suite2p\plane0\r0p7_filtered_small_multiples_p5.png
Saved: E:\data\2p_shifted\Cx\2024-11-04_00005\suite2p\plane0\r0p7_filtered_overview_heatmap.png E:\data\2p_shifted\Cx\2024-11-04_00005\suite2p\plane0\r0p7_filtered_event_raster.png and small-multiples pages.
Completed in 38.38673806190491 seconds.
Processing 2024-11-05_00001
Summaries built: heatmap matrix = (270, 1250) event raster = (270, 1250)
Saved E:\data\2p_shifted\Cx\2024-11-05_00001\suite2p\plane0\r0p7_filtered_small_multiples_p1.png
Saved E:\data\2p_shifted\Cx\2024-11-05_00001\suite2p\plane0\r0p7_filtered_small_multiples_p2.png
Saved E:\data\2p_shifted\Cx\2024-11-05_00001\suite2p\plane0\r0p7_filtered_small_multiples_p3.png
Saved: E:\data\2p_shifted\Cx\2024-11-05_00001\suite2p\plane0\r0p7_filtered_overview_heatmap.png E:\data\2p_shifted\Cx\2024-11-05_00001\suite2p\plane0\r0p7_filtered_event_raster.png and small-multiples pages.
Completed in 23.111584663391113 seconds.
Processing 2024-11-05_00007
Summaries built: heatmap matrix = (307, 1250) event raster = (307, 1250)
Saved E:\data\2p_shifted\Cx\2024-11-05_00007\suite2p\plane0\r0p7_filtered_small_multiples_p1.png
Saved E:\data\2p_shifted\Cx\2024-11-05_00007\suite2p\plane0\r0p7_filtered_small_multiples_p2.png
Saved E:\data\2p_shifted\Cx\2024-11-05_00007\suite2p\plane0\r0p7_filtered_small_multiples_p3.png
Saved E:\data\2p_shifted\Cx\2024-11-05_00007\suite2p\plane0\r0p7_filtered_small_multiples_p4.png
Saved: E:\data\2p_shifted\Cx\2024-11-05_00007\suite2p\plane0\r0p7_filtered_overview_heatmap.png E:\data\2p_shifted\Cx\2024-11-05_00007\suite2p\plane0\r0p7_filtered_event_raster.png and small-multiples pages.
Completed in 27.75331735610962 seconds.
Processing 2024-11-18_00001
Summaries built: heatmap matrix = (2414, 1250) event raster = (2414, 1250)
Saved E:\data\2p_shifted\Cx\2024-11-18_00001\suite2p\plane0\r0p7_filtered_small_multiples_p1.png
Saved E:\data\2p_shifted\Cx\2024-11-18_00001\suite2p\plane0\r0p7_filtered_small_multiples_p2.png
Saved E:\data\2p_shifted\Cx\2024-11-18_00001\suite2p\plane0\r0p7_filtered_small_multiples_p3.png
Saved E:\data\2p_shifted\Cx\2024-11-18_00001\suite2p\plane0\r0p7_filtered_small_multiples_p4.png
Saved E:\data\2p_shifted\Cx\2024-11-18_00001\suite2p\plane0\r0p7_filtered_small_multiples_p5.png
Saved: E:\data\2p_shifted\Cx\2024-11-18_00001\suite2p\plane0\r0p7_filtered_overview_heatmap.png E:\data\2p_shifted\Cx\2024-11-18_00001\suite2p\plane0\r0p7_filtered_event_raster.png and small-multiples pages.
Completed in 45.45057392120361 seconds.
Processing 2024-11-18_00002
Summaries built: heatmap matrix = (3361, 1250) event raster = (3361, 1250)
Saved E:\data\2p_shifted\Cx\2024-11-18_00002\suite2p\plane0\r0p7_filtered_small_multiples_p1.png
Saved E:\data\2p_shifted\Cx\2024-11-18_00002\suite2p\plane0\r0p7_filtered_small_multiples_p2.png
Saved E:\data\2p_shifted\Cx\2024-11-18_00002\suite2p\plane0\r0p7_filtered_small_multiples_p3.png
Saved E:\data\2p_shifted\Cx\2024-11-18_00002\suite2p\plane0\r0p7_filtered_small_multiples_p4.png
Saved E:\data\2p_shifted\Cx\2024-11-18_00002\suite2p\plane0\r0p7_filtered_small_multiples_p5.png
Saved: E:\data\2p_shifted\Cx\2024-11-18_00002\suite2p\plane0\r0p7_filtered_overview_heatmap.png E:\data\2p_shifted\Cx\2024-11-18_00002\suite2p\plane0\r0p7_filtered_event_raster.png and small-multiples pages.
Completed in 45.60090923309326 seconds.
Processing 2024-11-18_00003
Summaries built: heatmap matrix = (286, 1250) event raster = (286, 1250)
Saved E:\data\2p_shifted\Cx\2024-11-18_00003\suite2p\plane0\r0p7_filtered_small_multiples_p1.png
Saved E:\data\2p_shifted\Cx\2024-11-18_00003\suite2p\plane0\r0p7_filtered_small_multiples_p2.png
Saved E:\data\2p_shifted\Cx\2024-11-18_00003\suite2p\plane0\r0p7_filtered_small_multiples_p3.png
Saved: E:\data\2p_shifted\Cx\2024-11-18_00003\suite2p\plane0\r0p7_filtered_overview_heatmap.png E:\data\2p_shifted\Cx\2024-11-18_00003\suite2p\plane0\r0p7_filtered_event_raster.png and small-multiples pages.
Completed in 24.37324333190918 seconds.
Processing 2024-11-18_00005
Summaries built: heatmap matrix = (801, 1250) event raster = (801, 1250)
Saved E:\data\2p_shifted\Cx\2024-11-18_00005\suite2p\plane0\r0p7_filtered_small_multiples_p1.png
Saved E:\data\2p_shifted\Cx\2024-11-18_00005\suite2p\plane0\r0p7_filtered_small_multiples_p2.png
Saved E:\data\2p_shifted\Cx\2024-11-18_00005\suite2p\plane0\r0p7_filtered_small_multiples_p3.png
Saved E:\data\2p_shifted\Cx\2024-11-18_00005\suite2p\plane0\r0p7_filtered_small_multiples_p4.png
Saved E:\data\2p_shifted\Cx\2024-11-18_00005\suite2p\plane0\r0p7_filtered_small_multiples_p5.png
Saved: E:\data\2p_shifted\Cx\2024-11-18_00005\suite2p\plane0\r0p7_filtered_overview_heatmap.png E:\data\2p_shifted\Cx\2024-11-18_00005\suite2p\plane0\r0p7_filtered_event_raster.png and small-multiples pages.
Completed in 41.19878101348877 seconds.
Processing 2024-11-18_00006
Summaries built: heatmap matrix = (942, 1250) event raster = (942, 1250)
Saved E:\data\2p_shifted\Cx\2024-11-18_00006\suite2p\plane0\r0p7_filtered_small_multiples_p1.png
Saved E:\data\2p_shifted\Cx\2024-11-18_00006\suite2p\plane0\r0p7_filtered_small_multiples_p2.png
Saved E:\data\2p_shifted\Cx\2024-11-18_00006\suite2p\plane0\r0p7_filtered_small_multiples_p3.png
Saved E:\data\2p_shifted\Cx\2024-11-18_00006\suite2p\plane0\r0p7_filtered_small_multiples_p4.png
Saved E:\data\2p_shifted\Cx\2024-11-18_00006\suite2p\plane0\r0p7_filtered_small_multiples_p5.png
Saved: E:\data\2p_shifted\Cx\2024-11-18_00006\suite2p\plane0\r0p7_filtered_overview_heatmap.png E:\data\2p_shifted\Cx\2024-11-18_00006\suite2p\plane0\r0p7_filtered_event_raster.png and small-multiples pages.
Completed in 41.51896381378174 seconds.
Processing 2024-11-18_00007
Summaries built: heatmap matrix = (3039, 1250) event raster = (3039, 1250)
Saved E:\data\2p_shifted\Cx\2024-11-18_00007\suite2p\plane0\r0p7_filtered_small_multiples_p1.png
Saved E:\data\2p_shifted\Cx\2024-11-18_00007\suite2p\plane0\r0p7_filtered_small_multiples_p2.png
Saved E:\data\2p_shifted\Cx\2024-11-18_00007\suite2p\plane0\r0p7_filtered_small_multiples_p3.png
Saved E:\data\2p_shifted\Cx\2024-11-18_00007\suite2p\plane0\r0p7_filtered_small_multiples_p4.png
Saved E:\data\2p_shifted\Cx\2024-11-18_00007\suite2p\plane0\r0p7_filtered_small_multiples_p5.png
Saved: E:\data\2p_shifted\Cx\2024-11-18_00007\suite2p\plane0\r0p7_filtered_overview_heatmap.png E:\data\2p_shifted\Cx\2024-11-18_00007\suite2p\plane0\r0p7_filtered_event_raster.png and small-multiples pages.
Completed in 42.2444748878479 seconds.
Processing 2024-11-18_00008
Summaries built: heatmap matrix = (455, 1250) event raster = (455, 1250)
Saved E:\data\2p_shifted\Cx\2024-11-18_00008\suite2p\plane0\r0p7_filtered_small_multiples_p1.png
Saved E:\data\2p_shifted\Cx\2024-11-18_00008\suite2p\plane0\r0p7_filtered_small_multiples_p2.png
Saved E:\data\2p_shifted\Cx\2024-11-18_00008\suite2p\plane0\r0p7_filtered_small_multiples_p3.png
Saved E:\data\2p_shifted\Cx\2024-11-18_00008\suite2p\plane0\r0p7_filtered_small_multiples_p4.png
Saved E:\data\2p_shifted\Cx\2024-11-18_00008\suite2p\plane0\r0p7_filtered_small_multiples_p5.png
Saved: E:\data\2p_shifted\Cx\2024-11-18_00008\suite2p\plane0\r0p7_filtered_overview_heatmap.png E:\data\2p_shifted\Cx\2024-11-18_00008\suite2p\plane0\r0p7_filtered_event_raster.png and small-multiples pages.
Completed in 54.46969485282898 seconds.
Processing 2024-11-20_00001
Summaries built: heatmap matrix = (251, 1250) event raster = (251, 1250)
Saved E:\data\2p_shifted\Cx\2024-11-20_00001\suite2p\plane0\r0p7_filtered_small_multiples_p1.png
Saved E:\data\2p_shifted\Cx\2024-11-20_00001\suite2p\plane0\r0p7_filtered_small_multiples_p2.png
Saved E:\data\2p_shifted\Cx\2024-11-20_00001\suite2p\plane0\r0p7_filtered_small_multiples_p3.png
Saved: E:\data\2p_shifted\Cx\2024-11-20_00001\suite2p\plane0\r0p7_filtered_overview_heatmap.png E:\data\2p_shifted\Cx\2024-11-20_00001\suite2p\plane0\r0p7_filtered_event_raster.png and small-multiples pages.
Completed in 30.701961040496826 seconds.
Processing 2024-11-20_00002
Summaries built: heatmap matrix = (233, 1250) event raster = (233, 1250)
Saved E:\data\2p_shifted\Cx\2024-11-20_00002\suite2p\plane0\r0p7_filtered_small_multiples_p1.png
Saved E:\data\2p_shifted\Cx\2024-11-20_00002\suite2p\plane0\r0p7_filtered_small_multiples_p2.png
Saved E:\data\2p_shifted\Cx\2024-11-20_00002\suite2p\plane0\r0p7_filtered_small_multiples_p3.png
Saved: E:\data\2p_shifted\Cx\2024-11-20_00002\suite2p\plane0\r0p7_filtered_overview_heatmap.png E:\data\2p_shifted\Cx\2024-11-20_00002\suite2p\plane0\r0p7_filtered_event_raster.png and small-multiples pages.
Completed in 30.989909172058105 seconds.
Processing 2024-11-05_00004
Summaries built: heatmap matrix = (89, 1250) event raster = (89, 1250)
Saved E:\data\2p_shifted\Hip\2024-11-05_00004\suite2p\plane0\r0p7_filtered_small_multiples_p1.png
Saved: E:\data\2p_shifted\Hip\2024-11-05_00004\suite2p\plane0\r0p7_filtered_overview_heatmap.png E:\data\2p_shifted\Hip\2024-11-05_00004\suite2p\plane0\r0p7_filtered_event_raster.png and small-multiples pages.
Completed in 10.6707181930542 seconds.
Processing 2024-06-03_00001
Summaries built: heatmap matrix = (89, 1250) event raster = (89, 1250)
Saved E:\data\2p_shifted\Hip\2024-06-03_00001\suite2p\plane0\r0p7_filtered_small_multiples_p1.png
Saved: E:\data\2p_shifted\Hip\2024-06-03_00001\suite2p\plane0\r0p7_filtered_overview_heatmap.png E:\data\2p_shifted\Hip\2024-06-03_00001\suite2p\plane0\r0p7_filtered_event_raster.png and small-multiples pages.
Completed in 12.109029293060303 seconds.
Processing 2024-06-03_00002
Summaries built: heatmap matrix = (4, 1250) event raster = (4, 1250)
Saved E:\data\2p_shifted\Hip\2024-06-03_00002\suite2p\plane0\r0p7_filtered_small_multiples_p1.png
Saved: E:\data\2p_shifted\Hip\2024-06-03_00002\suite2p\plane0\r0p7_filtered_overview_heatmap.png E:\data\2p_shifted\Hip\2024-06-03_00002\suite2p\plane0\r0p7_filtered_event_raster.png and small-multiples pages.
Completed in 5.158632516860962 seconds.
Processing 2024-06-03_00002
Summaries built: heatmap matrix = (4, 1250) event raster = (4, 1250)
Saved E:\data\2p_shifted\Hip\2024-06-03_00002\suite2p\plane0\r0p7_filtered_small_multiples_p1.png
Saved: E:\data\2p_shifted\Hip\2024-06-03_00002\suite2p\plane0\r0p7_filtered_overview_heatmap.png E:\data\2p_shifted\Hip\2024-06-03_00002\suite2p\plane0\r0p7_filtered_event_raster.png and small-multiples pages.
Completed in 3.479820489883423 seconds.
Processing 2024-06-03_00003
Summaries built: heatmap matrix = (394, 1250) event raster = (394, 1250)
Saved E:\data\2p_shifted\Hip\2024-06-03_00003\suite2p\plane0\r0p7_filtered_small_multiples_p1.png
Saved E:\data\2p_shifted\Hip\2024-06-03_00003\suite2p\plane0\r0p7_filtered_small_multiples_p2.png
Saved E:\data\2p_shifted\Hip\2024-06-03_00003\suite2p\plane0\r0p7_filtered_small_multiples_p3.png
Saved E:\data\2p_shifted\Hip\2024-06-03_00003\suite2p\plane0\r0p7_filtered_small_multiples_p4.png
Saved E:\data\2p_shifted\Hip\2024-06-03_00003\suite2p\plane0\r0p7_filtered_small_multiples_p5.png
Saved: E:\data\2p_shifted\Hip\2024-06-03_00003\suite2p\plane0\r0p7_filtered_overview_heatmap.png E:\data\2p_shifted\Hip\2024-06-03_00003\suite2p\plane0\r0p7_filtered_event_raster.png and small-multiples pages.
Completed in 36.100507497787476 seconds.
Processing 2024-06-03_00004
Summaries built: heatmap matrix = (489, 1250) event raster = (489, 1250)
Saved E:\data\2p_shifted\Hip\2024-06-03_00004\suite2p\plane0\r0p7_filtered_small_multiples_p1.png
Saved E:\data\2p_shifted\Hip\2024-06-03_00004\suite2p\plane0\r0p7_filtered_small_multiples_p2.png
Saved E:\data\2p_shifted\Hip\2024-06-03_00004\suite2p\plane0\r0p7_filtered_small_multiples_p3.png
Saved E:\data\2p_shifted\Hip\2024-06-03_00004\suite2p\plane0\r0p7_filtered_small_multiples_p4.png
Saved E:\data\2p_shifted\Hip\2024-06-03_00004\suite2p\plane0\r0p7_filtered_small_multiples_p5.png
Saved: E:\data\2p_shifted\Hip\2024-06-03_00004\suite2p\plane0\r0p7_filtered_overview_heatmap.png E:\data\2p_shifted\Hip\2024-06-03_00004\suite2p\plane0\r0p7_filtered_event_raster.png and small-multiples pages.
Completed in 38.41629910469055 seconds.
Processing 2024-06-03_00007
Summaries built: heatmap matrix = (34, 1250) event raster = (34, 1250)
Saved E:\data\2p_shifted\Hip\2024-06-03_00007\suite2p\plane0\r0p7_filtered_small_multiples_p1.png
Saved: E:\data\2p_shifted\Hip\2024-06-03_00007\suite2p\plane0\r0p7_filtered_overview_heatmap.png E:\data\2p_shifted\Hip\2024-06-03_00007\suite2p\plane0\r0p7_filtered_event_raster.png and small-multiples pages.
Completed in 5.1076154708862305 seconds.
Processing 2024-06-03_00008
Summaries built: heatmap matrix = (28, 1250) event raster = (28, 1250)
Saved E:\data\2p_shifted\Hip\2024-06-03_00008\suite2p\plane0\r0p7_filtered_small_multiples_p1.png
Saved: E:\data\2p_shifted\Hip\2024-06-03_00008\suite2p\plane0\r0p7_filtered_overview_heatmap.png E:\data\2p_shifted\Hip\2024-06-03_00008\suite2p\plane0\r0p7_filtered_event_raster.png and small-multiples pages.
Completed in 4.879961967468262 seconds.
Processing 2024-06-03_00009
Summaries built: heatmap matrix = (237, 1250) event raster = (237, 1250)
Saved E:\data\2p_shifted\Hip\2024-06-03_00009\suite2p\plane0\r0p7_filtered_small_multiples_p1.png
Saved E:\data\2p_shifted\Hip\2024-06-03_00009\suite2p\plane0\r0p7_filtered_small_multiples_p2.png
Saved E:\data\2p_shifted\Hip\2024-06-03_00009\suite2p\plane0\r0p7_filtered_small_multiples_p3.png
Saved: E:\data\2p_shifted\Hip\2024-06-03_00009\suite2p\plane0\r0p7_filtered_overview_heatmap.png E:\data\2p_shifted\Hip\2024-06-03_00009\suite2p\plane0\r0p7_filtered_event_raster.png and small-multiples pages.
Completed in 21.416056156158447 seconds.
Processing 2024-06-03_00010
Summaries built: heatmap matrix = (251, 1250) event raster = (251, 1250)
Saved E:\data\2p_shifted\Hip\2024-06-03_00010\suite2p\plane0\r0p7_filtered_small_multiples_p1.png
Saved E:\data\2p_shifted\Hip\2024-06-03_00010\suite2p\plane0\r0p7_filtered_small_multiples_p2.png
Saved E:\data\2p_shifted\Hip\2024-06-03_00010\suite2p\plane0\r0p7_filtered_small_multiples_p3.png
Saved: E:\data\2p_shifted\Hip\2024-06-03_00010\suite2p\plane0\r0p7_filtered_overview_heatmap.png E:\data\2p_shifted\Hip\2024-06-03_00010\suite2p\plane0\r0p7_filtered_event_raster.png and small-multiples pages.
Completed in 22.170121431350708 seconds.
Processing 2024-06-04_00001
Summaries built: heatmap matrix = (562, 1250) event raster = (562, 1250)
Saved E:\data\2p_shifted\Hip\2024-06-04_00001\suite2p\plane0\r0p7_filtered_small_multiples_p1.png
Saved E:\data\2p_shifted\Hip\2024-06-04_00001\suite2p\plane0\r0p7_filtered_small_multiples_p2.png
Saved E:\data\2p_shifted\Hip\2024-06-04_00001\suite2p\plane0\r0p7_filtered_small_multiples_p3.png
Saved E:\data\2p_shifted\Hip\2024-06-04_00001\suite2p\plane0\r0p7_filtered_small_multiples_p4.png
Saved E:\data\2p_shifted\Hip\2024-06-04_00001\suite2p\plane0\r0p7_filtered_small_multiples_p5.png
Saved: E:\data\2p_shifted\Hip\2024-06-04_00001\suite2p\plane0\r0p7_filtered_overview_heatmap.png E:\data\2p_shifted\Hip\2024-06-04_00001\suite2p\plane0\r0p7_filtered_event_raster.png and small-multiples pages.
Completed in 39.7054967880249 seconds.
Processing 2024-06-04_00002
Summaries built: heatmap matrix = (754, 1250) event raster = (754, 1250)
Saved E:\data\2p_shifted\Hip\2024-06-04_00002\suite2p\plane0\r0p7_filtered_small_multiples_p1.png
Saved E:\data\2p_shifted\Hip\2024-06-04_00002\suite2p\plane0\r0p7_filtered_small_multiples_p2.png
Saved E:\data\2p_shifted\Hip\2024-06-04_00002\suite2p\plane0\r0p7_filtered_small_multiples_p3.png
Saved E:\data\2p_shifted\Hip\2024-06-04_00002\suite2p\plane0\r0p7_filtered_small_multiples_p4.png
Saved E:\data\2p_shifted\Hip\2024-06-04_00002\suite2p\plane0\r0p7_filtered_small_multiples_p5.png
Saved: E:\data\2p_shifted\Hip\2024-06-04_00002\suite2p\plane0\r0p7_filtered_overview_heatmap.png E:\data\2p_shifted\Hip\2024-06-04_00002\suite2p\plane0\r0p7_filtered_event_raster.png and small-multiples pages.
Completed in 39.66772484779358 seconds.
Processing 2024-06-04_00009
Summaries built: heatmap matrix = (633, 1250) event raster = (633, 1250)
Saved E:\data\2p_shifted\Hip\2024-06-04_00009\suite2p\plane0\r0p7_filtered_small_multiples_p1.png
Saved E:\data\2p_shifted\Hip\2024-06-04_00009\suite2p\plane0\r0p7_filtered_small_multiples_p2.png
Saved E:\data\2p_shifted\Hip\2024-06-04_00009\suite2p\plane0\r0p7_filtered_small_multiples_p3.png
Saved E:\data\2p_shifted\Hip\2024-06-04_00009\suite2p\plane0\r0p7_filtered_small_multiples_p4.png
Saved E:\data\2p_shifted\Hip\2024-06-04_00009\suite2p\plane0\r0p7_filtered_small_multiples_p5.png
Saved: E:\data\2p_shifted\Hip\2024-06-04_00009\suite2p\plane0\r0p7_filtered_overview_heatmap.png E:\data\2p_shifted\Hip\2024-06-04_00009\suite2p\plane0\r0p7_filtered_event_raster.png and small-multiples pages.
Completed in 39.66448378562927 seconds.
Processing 2024-06-04_00010
Summaries built: heatmap matrix = (761, 1250) event raster = (761, 1250)
Saved E:\data\2p_shifted\Hip\2024-06-04_00010\suite2p\plane0\r0p7_filtered_small_multiples_p1.png
Saved E:\data\2p_shifted\Hip\2024-06-04_00010\suite2p\plane0\r0p7_filtered_small_multiples_p2.png
Saved E:\data\2p_shifted\Hip\2024-06-04_00010\suite2p\plane0\r0p7_filtered_small_multiples_p3.png
Saved E:\data\2p_shifted\Hip\2024-06-04_00010\suite2p\plane0\r0p7_filtered_small_multiples_p4.png
Saved E:\data\2p_shifted\Hip\2024-06-04_00010\suite2p\plane0\r0p7_filtered_small_multiples_p5.png
Saved: E:\data\2p_shifted\Hip\2024-06-04_00010\suite2p\plane0\r0p7_filtered_overview_heatmap.png E:\data\2p_shifted\Hip\2024-06-04_00010\suite2p\plane0\r0p7_filtered_event_raster.png and small-multiples pages.
Completed in 38.732571840286255 seconds.
Processing 2024-07-01_00001
Summaries built: heatmap matrix = (42, 1250) event raster = (42, 1250)
Saved E:\data\2p_shifted\Hip\2024-07-01_00001\suite2p\plane0\r0p7_filtered_small_multiples_p1.png
Saved: E:\data\2p_shifted\Hip\2024-07-01_00001\suite2p\plane0\r0p7_filtered_overview_heatmap.png E:\data\2p_shifted\Hip\2024-07-01_00001\suite2p\plane0\r0p7_filtered_event_raster.png and small-multiples pages.
Completed in 5.678635835647583 seconds.
Processing 2024-07-01_00002
Summaries built: heatmap matrix = (31, 1250) event raster = (31, 1250)
Saved E:\data\2p_shifted\Hip\2024-07-01_00002\suite2p\plane0\r0p7_filtered_small_multiples_p1.png
Saved: E:\data\2p_shifted\Hip\2024-07-01_00002\suite2p\plane0\r0p7_filtered_overview_heatmap.png E:\data\2p_shifted\Hip\2024-07-01_00002\suite2p\plane0\r0p7_filtered_event_raster.png and small-multiples pages.
Completed in 4.911311149597168 seconds.
Processing 2024-07-01_00005
Summaries built: heatmap matrix = (28, 1250) event raster = (28, 1250)
Saved E:\data\2p_shifted\Hip\2024-07-01_00005\suite2p\plane0\r0p7_filtered_small_multiples_p1.png
Saved: E:\data\2p_shifted\Hip\2024-07-01_00005\suite2p\plane0\r0p7_filtered_overview_heatmap.png E:\data\2p_shifted\Hip\2024-07-01_00005\suite2p\plane0\r0p7_filtered_event_raster.png and small-multiples pages.
Completed in 4.683653831481934 seconds.
Processing 2024-07-01_00006
Summaries built: heatmap matrix = (30, 1250) event raster = (30, 1250)
Saved E:\data\2p_shifted\Hip\2024-07-01_00006\suite2p\plane0\r0p7_filtered_small_multiples_p1.png
Saved: E:\data\2p_shifted\Hip\2024-07-01_00006\suite2p\plane0\r0p7_filtered_overview_heatmap.png E:\data\2p_shifted\Hip\2024-07-01_00006\suite2p\plane0\r0p7_filtered_event_raster.png and small-multiples pages.
Completed in 4.842700242996216 seconds.
Processing 2024-07-01_00012
Summaries built: heatmap matrix = (39, 1250) event raster = (39, 1250)
Saved E:\data\2p_shifted\Hip\2024-07-01_00012\suite2p\plane0\r0p7_filtered_small_multiples_p1.png
Saved: E:\data\2p_shifted\Hip\2024-07-01_00012\suite2p\plane0\r0p7_filtered_overview_heatmap.png E:\data\2p_shifted\Hip\2024-07-01_00012\suite2p\plane0\r0p7_filtered_event_raster.png and small-multiples pages.
Completed in 5.360639572143555 seconds.
Processing 2024-07-01_00013
Summaries built: heatmap matrix = (6, 1250) event raster = (6, 1250)
Saved E:\data\2p_shifted\Hip\2024-07-01_00013\suite2p\plane0\r0p7_filtered_small_multiples_p1.png
Saved: E:\data\2p_shifted\Hip\2024-07-01_00013\suite2p\plane0\r0p7_filtered_overview_heatmap.png E:\data\2p_shifted\Hip\2024-07-01_00013\suite2p\plane0\r0p7_filtered_event_raster.png and small-multiples pages.
Completed in 3.6978845596313477 seconds.
Processing 2024-10-30_00003
Summaries built: heatmap matrix = (79, 1250) event raster = (79, 1250)
Saved E:\data\2p_shifted\Hip\2024-10-30_00003\suite2p\plane0\r0p7_filtered_small_multiples_p1.png
Saved: E:\data\2p_shifted\Hip\2024-10-30_00003\suite2p\plane0\r0p7_filtered_overview_heatmap.png E:\data\2p_shifted\Hip\2024-10-30_00003\suite2p\plane0\r0p7_filtered_event_raster.png and small-multiples pages.
Completed in 7.32590651512146 seconds.
Processing 2024-10-30_00005
Summaries built: heatmap matrix = (217, 1250) event raster = (217, 1250)
Saved E:\data\2p_shifted\Hip\2024-10-30_00005\suite2p\plane0\r0p7_filtered_small_multiples_p1.png
Saved E:\data\2p_shifted\Hip\2024-10-30_00005\suite2p\plane0\r0p7_filtered_small_multiples_p2.png
Saved E:\data\2p_shifted\Hip\2024-10-30_00005\suite2p\plane0\r0p7_filtered_small_multiples_p3.png
Saved: E:\data\2p_shifted\Hip\2024-10-30_00005\suite2p\plane0\r0p7_filtered_overview_heatmap.png E:\data\2p_shifted\Hip\2024-10-30_00005\suite2p\plane0\r0p7_filtered_event_raster.png and small-multiples pages.
Completed in 18.92019009590149 seconds.
Processing 2024-10-30_00012
Summaries built: heatmap matrix = (19, 1250) event raster = (19, 1250)
Saved E:\data\2p_shifted\Hip\2024-10-30_00012\suite2p\plane0\r0p7_filtered_small_multiples_p1.png
Saved: E:\data\2p_shifted\Hip\2024-10-30_00012\suite2p\plane0\r0p7_filtered_overview_heatmap.png E:\data\2p_shifted\Hip\2024-10-30_00012\suite2p\plane0\r0p7_filtered_event_raster.png and small-multiples pages.
Completed in 4.395586252212524 seconds.
Processing 2024-10-30_00013
Summaries built: heatmap matrix = (681, 1250) event raster = (681, 1250)
Saved E:\data\2p_shifted\Hip\2024-10-30_00013\suite2p\plane0\r0p7_filtered_small_multiples_p1.png
Saved E:\data\2p_shifted\Hip\2024-10-30_00013\suite2p\plane0\r0p7_filtered_small_multiples_p2.png
Saved E:\data\2p_shifted\Hip\2024-10-30_00013\suite2p\plane0\r0p7_filtered_small_multiples_p3.png
Saved E:\data\2p_shifted\Hip\2024-10-30_00013\suite2p\plane0\r0p7_filtered_small_multiples_p4.png
Saved E:\data\2p_shifted\Hip\2024-10-30_00013\suite2p\plane0\r0p7_filtered_small_multiples_p5.png
Saved: E:\data\2p_shifted\Hip\2024-10-30_00013\suite2p\plane0\r0p7_filtered_overview_heatmap.png E:\data\2p_shifted\Hip\2024-10-30_00013\suite2p\plane0\r0p7_filtered_event_raster.png and small-multiples pages.
Completed in 37.00338315963745 seconds.
Processing 2024-10-31_00001
Summaries built: heatmap matrix = (108, 1250) event raster = (108, 1250)
Saved E:\data\2p_shifted\Hip\2024-10-31_00001\suite2p\plane0\r0p7_filtered_small_multiples_p1.png
Saved E:\data\2p_shifted\Hip\2024-10-31_00001\suite2p\plane0\r0p7_filtered_small_multiples_p2.png
Saved: E:\data\2p_shifted\Hip\2024-10-31_00001\suite2p\plane0\r0p7_filtered_overview_heatmap.png E:\data\2p_shifted\Hip\2024-10-31_00001\suite2p\plane0\r0p7_filtered_event_raster.png and small-multiples pages.
Completed in 11.486778020858765 seconds.
Processing 2024-10-31_00002
Summaries built: heatmap matrix = (342, 1250) event raster = (342, 1250)
Saved E:\data\2p_shifted\Hip\2024-10-31_00002\suite2p\plane0\r0p7_filtered_small_multiples_p1.png
Saved E:\data\2p_shifted\Hip\2024-10-31_00002\suite2p\plane0\r0p7_filtered_small_multiples_p2.png
Saved E:\data\2p_shifted\Hip\2024-10-31_00002\suite2p\plane0\r0p7_filtered_small_multiples_p3.png
Saved E:\data\2p_shifted\Hip\2024-10-31_00002\suite2p\plane0\r0p7_filtered_small_multiples_p4.png
Saved: E:\data\2p_shifted\Hip\2024-10-31_00002\suite2p\plane0\r0p7_filtered_overview_heatmap.png E:\data\2p_shifted\Hip\2024-10-31_00002\suite2p\plane0\r0p7_filtered_event_raster.png and small-multiples pages.
Completed in 27.550954580307007 seconds.
Processing 2024-10-31_00003
Summaries built: heatmap matrix = (8, 1250) event raster = (8, 1250)
Saved E:\data\2p_shifted\Hip\2024-10-31_00003\suite2p\plane0\r0p7_filtered_small_multiples_p1.png
Saved: E:\data\2p_shifted\Hip\2024-10-31_00003\suite2p\plane0\r0p7_filtered_overview_heatmap.png E:\data\2p_shifted\Hip\2024-10-31_00003\suite2p\plane0\r0p7_filtered_event_raster.png and small-multiples pages.
Completed in 3.8289377689361572 seconds.
Processing 2024-10-31_00004
Summaries built: heatmap matrix = (3, 1250) event raster = (3, 1250)
Saved E:\data\2p_shifted\Hip\2024-10-31_00004\suite2p\plane0\r0p7_filtered_small_multiples_p1.png
Saved: E:\data\2p_shifted\Hip\2024-10-31_00004\suite2p\plane0\r0p7_filtered_overview_heatmap.png E:\data\2p_shifted\Hip\2024-10-31_00004\suite2p\plane0\r0p7_filtered_event_raster.png and small-multiples pages.
Completed in 3.4872429370880127 seconds.
Processing 2024-10-31_00005
Summaries built: heatmap matrix = (135, 1250) event raster = (135, 1250)
Saved E:\data\2p_shifted\Hip\2024-10-31_00005\suite2p\plane0\r0p7_filtered_small_multiples_p1.png
Saved E:\data\2p_shifted\Hip\2024-10-31_00005\suite2p\plane0\r0p7_filtered_small_multiples_p2.png
Saved: E:\data\2p_shifted\Hip\2024-10-31_00005\suite2p\plane0\r0p7_filtered_overview_heatmap.png E:\data\2p_shifted\Hip\2024-10-31_00005\suite2p\plane0\r0p7_filtered_event_raster.png and small-multiples pages.
Completed in 12.635408639907837 seconds.
Processing 2024-11-04_00008
Summaries built: heatmap matrix = (23, 1250) event raster = (23, 1250)
Saved E:\data\2p_shifted\Hip\2024-11-04_00008\suite2p\plane0\r0p7_filtered_small_multiples_p1.png
Saved: E:\data\2p_shifted\Hip\2024-11-04_00008\suite2p\plane0\r0p7_filtered_overview_heatmap.png E:\data\2p_shifted\Hip\2024-11-04_00008\suite2p\plane0\r0p7_filtered_event_raster.png and small-multiples pages.
Completed in 4.619663238525391 seconds.
Processing 2024-11-04_00009
Summaries built: heatmap matrix = (180, 1351) event raster = (180, 1351)
Saved E:\data\2p_shifted\Hip\2024-11-04_00009\suite2p\plane0\r0p7_filtered_small_multiples_p1.png
Saved E:\data\2p_shifted\Hip\2024-11-04_00009\suite2p\plane0\r0p7_filtered_small_multiples_p2.png
Saved: E:\data\2p_shifted\Hip\2024-11-04_00009\suite2p\plane0\r0p7_filtered_overview_heatmap.png E:\data\2p_shifted\Hip\2024-11-04_00009\suite2p\plane0\r0p7_filtered_event_raster.png and small-multiples pages.
Completed in 14.951521396636963 seconds.
Processing 2024-11-04_00010
Summaries built: heatmap matrix = (53, 1250) event raster = (53, 1250)
Saved E:\data\2p_shifted\Hip\2024-11-04_00010\suite2p\plane0\r0p7_filtered_small_multiples_p1.png
Saved: E:\data\2p_shifted\Hip\2024-11-04_00010\suite2p\plane0\r0p7_filtered_overview_heatmap.png E:\data\2p_shifted\Hip\2024-11-04_00010\suite2p\plane0\r0p7_filtered_event_raster.png and small-multiples pages.
Completed in 6.080155372619629 seconds.
Processing 2024-11-05_00003
Summaries built: heatmap matrix = (158, 1239) event raster = (158, 1239)
Saved E:\data\2p_shifted\Hip\2024-11-05_00003\suite2p\plane0\r0p7_filtered_small_multiples_p1.png
Saved E:\data\2p_shifted\Hip\2024-11-05_00003\suite2p\plane0\r0p7_filtered_small_multiples_p2.png
Saved: E:\data\2p_shifted\Hip\2024-11-05_00003\suite2p\plane0\r0p7_filtered_overview_heatmap.png E:\data\2p_shifted\Hip\2024-11-05_00003\suite2p\plane0\r0p7_filtered_event_raster.png and small-multiples pages.
Completed in 13.780171632766724 seconds.
