Processing 2024-06-03_00001
Summaries built: heatmap matrix = (633, 1250) event raster = (633, 1250)
Saved D:\data\2p_shifted\2024-06-03_00001\suite2p\plane0\r0p7_small_multiples_p1.png
Saved D:\data\2p_shifted\2024-06-03_00001\suite2p\plane0\r0p7_small_multiples_p2.png
Saved D:\data\2p_shifted\2024-06-03_00001\suite2p\plane0\r0p7_small_multiples_p3.png
Saved D:\data\2p_shifted\2024-06-03_00001\suite2p\plane0\r0p7_small_multiples_p4.png
Saved D:\data\2p_shifted\2024-06-03_00001\suite2p\plane0\r0p7_small_multiples_p5.png
Saved: D:\data\2p_shifted\2024-06-03_00001\suite2p\plane0\r0p7_overview_heatmap.png D:\data\2p_shifted\2024-06-03_00001\suite2p\plane0\r0p7_event_raster.png and small-multiples pages.
Completed in 90.51276516914368 seconds.
Processing 2024-06-03_00002
Summaries built: heatmap matrix = (346, 1250) event raster = (346, 1250)
Saved D:\data\2p_shifted\2024-06-03_00002\suite2p\plane0\r0p7_small_multiples_p1.png
Saved D:\data\2p_shifted\2024-06-03_00002\suite2p\plane0\r0p7_small_multiples_p2.png
Saved D:\data\2p_shifted\2024-06-03_00002\suite2p\plane0\r0p7_small_multiples_p3.png
Saved D:\data\2p_shifted\2024-06-03_00002\suite2p\plane0\r0p7_small_multiples_p4.png
Saved: D:\data\2p_shifted\2024-06-03_00002\suite2p\plane0\r0p7_overview_heatmap.png D:\data\2p_shifted\2024-06-03_00002\suite2p\plane0\r0p7_event_raster.png and small-multiples pages.
Completed in 64.50541877746582 seconds.
Processing 2024-06-03_00003
Summaries built: heatmap matrix = (4709, 1250) event raster = (4709, 1250)
Saved D:\data\2p_shifted\2024-06-03_00003\suite2p\plane0\r0p7_small_multiples_p1.png
Saved D:\data\2p_shifted\2024-06-03_00003\suite2p\plane0\r0p7_small_multiples_p2.png
Saved D:\data\2p_shifted\2024-06-03_00003\suite2p\plane0\r0p7_small_multiples_p3.png
Saved D:\data\2p_shifted\2024-06-03_00003\suite2p\plane0\r0p7_small_multiples_p4.png
Saved D:\data\2p_shifted\2024-06-03_00003\suite2p\plane0\r0p7_small_multiples_p5.png
Saved: D:\data\2p_shifted\2024-06-03_00003\suite2p\plane0\r0p7_overview_heatmap.png D:\data\2p_shifted\2024-06-03_00003\suite2p\plane0\r0p7_event_raster.png and small-multiples pages.
Completed in 175.3811538219452 seconds.
Processing 2024-06-03_00004
Summaries built: heatmap matrix = (4616, 1250) event raster = (4616, 1250)
Saved D:\data\2p_shifted\2024-06-03_00004\suite2p\plane0\r0p7_small_multiples_p1.png
Saved D:\data\2p_shifted\2024-06-03_00004\suite2p\plane0\r0p7_small_multiples_p2.png
Saved D:\data\2p_shifted\2024-06-03_00004\suite2p\plane0\r0p7_small_multiples_p3.png
Saved D:\data\2p_shifted\2024-06-03_00004\suite2p\plane0\r0p7_small_multiples_p4.png
Saved D:\data\2p_shifted\2024-06-03_00004\suite2p\plane0\r0p7_small_multiples_p5.png
Saved: D:\data\2p_shifted\2024-06-03_00004\suite2p\plane0\r0p7_overview_heatmap.png D:\data\2p_shifted\2024-06-03_00004\suite2p\plane0\r0p7_event_raster.png and small-multiples pages.
Completed in 148.35447454452515 seconds.
Processing 2024-06-03_00007
Summaries built: heatmap matrix = (197, 1250) event raster = (197, 1250)
Saved D:\data\2p_shifted\2024-06-03_00007\suite2p\plane0\r0p7_small_multiples_p1.png
Saved D:\data\2p_shifted\2024-06-03_00007\suite2p\plane0\r0p7_small_multiples_p2.png
Saved D:\data\2p_shifted\2024-06-03_00007\suite2p\plane0\r0p7_small_multiples_p3.png
Saved: D:\data\2p_shifted\2024-06-03_00007\suite2p\plane0\r0p7_overview_heatmap.png D:\data\2p_shifted\2024-06-03_00007\suite2p\plane0\r0p7_event_raster.png and small-multiples pages.
Completed in 44.42134475708008 seconds.
Processing 2024-06-03_00008
Summaries built: heatmap matrix = (275, 1250) event raster = (275, 1250)
Saved D:\data\2p_shifted\2024-06-03_00008\suite2p\plane0\r0p7_small_multiples_p1.png
Saved D:\data\2p_shifted\2024-06-03_00008\suite2p\plane0\r0p7_small_multiples_p2.png
Saved D:\data\2p_shifted\2024-06-03_00008\suite2p\plane0\r0p7_small_multiples_p3.png
Saved: D:\data\2p_shifted\2024-06-03_00008\suite2p\plane0\r0p7_overview_heatmap.png D:\data\2p_shifted\2024-06-03_00008\suite2p\plane0\r0p7_event_raster.png and small-multiples pages.
Completed in 49.184112310409546 seconds.
Processing 2024-06-03_00009
Summaries built: heatmap matrix = (4619, 1250) event raster = (4619, 1250)
Saved D:\data\2p_shifted\2024-06-03_00009\suite2p\plane0\r0p7_small_multiples_p1.png
Saved D:\data\2p_shifted\2024-06-03_00009\suite2p\plane0\r0p7_small_multiples_p2.png
Saved D:\data\2p_shifted\2024-06-03_00009\suite2p\plane0\r0p7_small_multiples_p3.png
Saved D:\data\2p_shifted\2024-06-03_00009\suite2p\plane0\r0p7_small_multiples_p4.png
Saved D:\data\2p_shifted\2024-06-03_00009\suite2p\plane0\r0p7_small_multiples_p5.png
Saved: D:\data\2p_shifted\2024-06-03_00009\suite2p\plane0\r0p7_overview_heatmap.png D:\data\2p_shifted\2024-06-03_00009\suite2p\plane0\r0p7_event_raster.png and small-multiples pages.
Completed in 162.69547152519226 seconds.
Processing 2024-06-03_00010
Summaries built: heatmap matrix = (4516, 1250) event raster = (4516, 1250)
Saved D:\data\2p_shifted\2024-06-03_00010\suite2p\plane0\r0p7_small_multiples_p1.png
Saved D:\data\2p_shifted\2024-06-03_00010\suite2p\plane0\r0p7_small_multiples_p2.png
Saved D:\data\2p_shifted\2024-06-03_00010\suite2p\plane0\r0p7_small_multiples_p3.png
Saved D:\data\2p_shifted\2024-06-03_00010\suite2p\plane0\r0p7_small_multiples_p4.png
Saved D:\data\2p_shifted\2024-06-03_00010\suite2p\plane0\r0p7_small_multiples_p5.png
Saved: D:\data\2p_shifted\2024-06-03_00010\suite2p\plane0\r0p7_overview_heatmap.png D:\data\2p_shifted\2024-06-03_00010\suite2p\plane0\r0p7_event_raster.png and small-multiples pages.
Completed in 134.2904918193817 seconds.
Processing 2024-06-03_00012
Summaries built: heatmap matrix = (186, 1250) event raster = (186, 1250)
Saved D:\data\2p_shifted\2024-06-03_00012\suite2p\plane0\r0p7_small_multiples_p1.png
Saved D:\data\2p_shifted\2024-06-03_00012\suite2p\plane0\r0p7_small_multiples_p2.png
Saved: D:\data\2p_shifted\2024-06-03_00012\suite2p\plane0\r0p7_overview_heatmap.png D:\data\2p_shifted\2024-06-03_00012\suite2p\plane0\r0p7_event_raster.png and small-multiples pages.
Completed in 33.49936866760254 seconds.
Processing 2024-06-03_00013
Summaries built: heatmap matrix = (1452, 1250) event raster = (1452, 1250)
Saved D:\data\2p_shifted\2024-06-03_00013\suite2p\plane0\r0p7_small_multiples_p1.png
Saved D:\data\2p_shifted\2024-06-03_00013\suite2p\plane0\r0p7_small_multiples_p2.png
Saved D:\data\2p_shifted\2024-06-03_00013\suite2p\plane0\r0p7_small_multiples_p3.png
Saved D:\data\2p_shifted\2024-06-03_00013\suite2p\plane0\r0p7_small_multiples_p4.png
Saved D:\data\2p_shifted\2024-06-03_00013\suite2p\plane0\r0p7_small_multiples_p5.png
Saved: D:\data\2p_shifted\2024-06-03_00013\suite2p\plane0\r0p7_overview_heatmap.png D:\data\2p_shifted\2024-06-03_00013\suite2p\plane0\r0p7_event_raster.png and small-multiples pages.
Completed in 87.6371374130249 seconds.
Processing 2024-06-04_00001
Summaries built: heatmap matrix = (4632, 1250) event raster = (4632, 1250)
Saved D:\data\2p_shifted\2024-06-04_00001\suite2p\plane0\r0p7_small_multiples_p1.png
Saved D:\data\2p_shifted\2024-06-04_00001\suite2p\plane0\r0p7_small_multiples_p2.png
Saved D:\data\2p_shifted\2024-06-04_00001\suite2p\plane0\r0p7_small_multiples_p3.png
Saved D:\data\2p_shifted\2024-06-04_00001\suite2p\plane0\r0p7_small_multiples_p4.png
Saved D:\data\2p_shifted\2024-06-04_00001\suite2p\plane0\r0p7_small_multiples_p5.png
Saved: D:\data\2p_shifted\2024-06-04_00001\suite2p\plane0\r0p7_overview_heatmap.png D:\data\2p_shifted\2024-06-04_00001\suite2p\plane0\r0p7_event_raster.png and small-multiples pages.
Completed in 168.54719758033752 seconds.
Processing 2024-06-04_00002
Summaries built: heatmap matrix = (4579, 1250) event raster = (4579, 1250)
Saved D:\data\2p_shifted\2024-06-04_00002\suite2p\plane0\r0p7_small_multiples_p1.png
Saved D:\data\2p_shifted\2024-06-04_00002\suite2p\plane0\r0p7_small_multiples_p2.png
Saved D:\data\2p_shifted\2024-06-04_00002\suite2p\plane0\r0p7_small_multiples_p3.png
Saved D:\data\2p_shifted\2024-06-04_00002\suite2p\plane0\r0p7_small_multiples_p4.png
Saved D:\data\2p_shifted\2024-06-04_00002\suite2p\plane0\r0p7_small_multiples_p5.png
Saved: D:\data\2p_shifted\2024-06-04_00002\suite2p\plane0\r0p7_overview_heatmap.png D:\data\2p_shifted\2024-06-04_00002\suite2p\plane0\r0p7_event_raster.png and small-multiples pages.
Completed in 133.43078422546387 seconds.
Processing 2024-06-04_00006
Summaries built: heatmap matrix = (4668, 1250) event raster = (4668, 1250)
Saved D:\data\2p_shifted\2024-06-04_00006\suite2p\plane0\r0p7_small_multiples_p1.png
Saved D:\data\2p_shifted\2024-06-04_00006\suite2p\plane0\r0p7_small_multiples_p2.png
Saved D:\data\2p_shifted\2024-06-04_00006\suite2p\plane0\r0p7_small_multiples_p3.png
Saved D:\data\2p_shifted\2024-06-04_00006\suite2p\plane0\r0p7_small_multiples_p4.png
Saved D:\data\2p_shifted\2024-06-04_00006\suite2p\plane0\r0p7_small_multiples_p5.png
Saved: D:\data\2p_shifted\2024-06-04_00006\suite2p\plane0\r0p7_overview_heatmap.png D:\data\2p_shifted\2024-06-04_00006\suite2p\plane0\r0p7_event_raster.png and small-multiples pages.
Completed in 183.88511681556702 seconds.
Processing 2024-06-04_00009
Summaries built: heatmap matrix = (4527, 1250) event raster = (4527, 1250)
Saved D:\data\2p_shifted\2024-06-04_00009\suite2p\plane0\r0p7_small_multiples_p1.png
Saved D:\data\2p_shifted\2024-06-04_00009\suite2p\plane0\r0p7_small_multiples_p2.png
Saved D:\data\2p_shifted\2024-06-04_00009\suite2p\plane0\r0p7_small_multiples_p3.png
Saved D:\data\2p_shifted\2024-06-04_00009\suite2p\plane0\r0p7_small_multiples_p4.png
Saved D:\data\2p_shifted\2024-06-04_00009\suite2p\plane0\r0p7_small_multiples_p5.png
Saved: D:\data\2p_shifted\2024-06-04_00009\suite2p\plane0\r0p7_overview_heatmap.png D:\data\2p_shifted\2024-06-04_00009\suite2p\plane0\r0p7_event_raster.png and small-multiples pages.
Completed in 162.87456059455872 seconds.
Processing 2024-06-04_00010
Summaries built: heatmap matrix = (4547, 1250) event raster = (4547, 1250)
Saved D:\data\2p_shifted\2024-06-04_00010\suite2p\plane0\r0p7_small_multiples_p1.png
Saved D:\data\2p_shifted\2024-06-04_00010\suite2p\plane0\r0p7_small_multiples_p2.png
Saved D:\data\2p_shifted\2024-06-04_00010\suite2p\plane0\r0p7_small_multiples_p3.png
Saved D:\data\2p_shifted\2024-06-04_00010\suite2p\plane0\r0p7_small_multiples_p4.png
Saved D:\data\2p_shifted\2024-06-04_00010\suite2p\plane0\r0p7_small_multiples_p5.png
Saved: D:\data\2p_shifted\2024-06-04_00010\suite2p\plane0\r0p7_overview_heatmap.png D:\data\2p_shifted\2024-06-04_00010\suite2p\plane0\r0p7_event_raster.png and small-multiples pages.
Completed in 136.54318618774414 seconds.
Processing 2024-06-05_00001
Summaries built: heatmap matrix = (488, 1250) event raster = (488, 1250)
Saved D:\data\2p_shifted\2024-06-05_00001\suite2p\plane0\r0p7_small_multiples_p1.png
Saved D:\data\2p_shifted\2024-06-05_00001\suite2p\plane0\r0p7_small_multiples_p2.png
Saved D:\data\2p_shifted\2024-06-05_00001\suite2p\plane0\r0p7_small_multiples_p3.png
Saved D:\data\2p_shifted\2024-06-05_00001\suite2p\plane0\r0p7_small_multiples_p4.png
Saved D:\data\2p_shifted\2024-06-05_00001\suite2p\plane0\r0p7_small_multiples_p5.png
Saved: D:\data\2p_shifted\2024-06-05_00001\suite2p\plane0\r0p7_overview_heatmap.png D:\data\2p_shifted\2024-06-05_00001\suite2p\plane0\r0p7_event_raster.png and small-multiples pages.
Completed in 83.31767010688782 seconds.
Processing 2024-06-05_00002
Summaries built: heatmap matrix = (4326, 1250) event raster = (4326, 1250)
Saved D:\data\2p_shifted\2024-06-05_00002\suite2p\plane0\r0p7_small_multiples_p1.png
Saved D:\data\2p_shifted\2024-06-05_00002\suite2p\plane0\r0p7_small_multiples_p2.png
Saved D:\data\2p_shifted\2024-06-05_00002\suite2p\plane0\r0p7_small_multiples_p3.png
Saved D:\data\2p_shifted\2024-06-05_00002\suite2p\plane0\r0p7_small_multiples_p4.png
Saved D:\data\2p_shifted\2024-06-05_00002\suite2p\plane0\r0p7_small_multiples_p5.png
Saved: D:\data\2p_shifted\2024-06-05_00002\suite2p\plane0\r0p7_overview_heatmap.png D:\data\2p_shifted\2024-06-05_00002\suite2p\plane0\r0p7_event_raster.png and small-multiples pages.
Completed in 115.48006296157837 seconds.
Processing 2024-06-05_00006
Summaries built: heatmap matrix = (4069, 1250) event raster = (4069, 1250)
Saved D:\data\2p_shifted\2024-06-05_00006\suite2p\plane0\r0p7_small_multiples_p1.png
Saved D:\data\2p_shifted\2024-06-05_00006\suite2p\plane0\r0p7_small_multiples_p2.png
Saved D:\data\2p_shifted\2024-06-05_00006\suite2p\plane0\r0p7_small_multiples_p3.png
Saved D:\data\2p_shifted\2024-06-05_00006\suite2p\plane0\r0p7_small_multiples_p4.png
Saved D:\data\2p_shifted\2024-06-05_00006\suite2p\plane0\r0p7_small_multiples_p5.png
Saved: D:\data\2p_shifted\2024-06-05_00006\suite2p\plane0\r0p7_overview_heatmap.png D:\data\2p_shifted\2024-06-05_00006\suite2p\plane0\r0p7_event_raster.png and small-multiples pages.
Completed in 106.8810625076294 seconds.
Processing 2024-06-05_00007
Summaries built: heatmap matrix = (4533, 1250) event raster = (4533, 1250)
Saved D:\data\2p_shifted\2024-06-05_00007\suite2p\plane0\r0p7_small_multiples_p1.png
Saved D:\data\2p_shifted\2024-06-05_00007\suite2p\plane0\r0p7_small_multiples_p2.png
Saved D:\data\2p_shifted\2024-06-05_00007\suite2p\plane0\r0p7_small_multiples_p3.png
Saved D:\data\2p_shifted\2024-06-05_00007\suite2p\plane0\r0p7_small_multiples_p4.png
Saved D:\data\2p_shifted\2024-06-05_00007\suite2p\plane0\r0p7_small_multiples_p5.png
Saved: D:\data\2p_shifted\2024-06-05_00007\suite2p\plane0\r0p7_overview_heatmap.png D:\data\2p_shifted\2024-06-05_00007\suite2p\plane0\r0p7_event_raster.png and small-multiples pages.
Completed in 130.8039252758026 seconds.
Processing 2024-07-01_00001
Summaries built: heatmap matrix = (57, 1250) event raster = (57, 1250)
Saved D:\data\2p_shifted\2024-07-01_00001\suite2p\plane0\r0p7_small_multiples_p1.png
Saved: D:\data\2p_shifted\2024-07-01_00001\suite2p\plane0\r0p7_overview_heatmap.png D:\data\2p_shifted\2024-07-01_00001\suite2p\plane0\r0p7_event_raster.png and small-multiples pages.
Completed in 13.617266654968262 seconds.
Processing 2024-07-01_00002
Summaries built: heatmap matrix = (456, 1250) event raster = (456, 1250)
Saved D:\data\2p_shifted\2024-07-01_00002\suite2p\plane0\r0p7_small_multiples_p1.png
Saved D:\data\2p_shifted\2024-07-01_00002\suite2p\plane0\r0p7_small_multiples_p2.png
Saved D:\data\2p_shifted\2024-07-01_00002\suite2p\plane0\r0p7_small_multiples_p3.png
Saved D:\data\2p_shifted\2024-07-01_00002\suite2p\plane0\r0p7_small_multiples_p4.png
Saved D:\data\2p_shifted\2024-07-01_00002\suite2p\plane0\r0p7_small_multiples_p5.png
Saved: D:\data\2p_shifted\2024-07-01_00002\suite2p\plane0\r0p7_overview_heatmap.png D:\data\2p_shifted\2024-07-01_00002\suite2p\plane0\r0p7_event_raster.png and small-multiples pages.
Completed in 77.85250806808472 seconds.
Processing 2024-07-01_00005
Summaries built: heatmap matrix = (46, 1250) event raster = (46, 1250)
Saved D:\data\2p_shifted\2024-07-01_00005\suite2p\plane0\r0p7_small_multiples_p1.png
Saved: D:\data\2p_shifted\2024-07-01_00005\suite2p\plane0\r0p7_overview_heatmap.png D:\data\2p_shifted\2024-07-01_00005\suite2p\plane0\r0p7_event_raster.png and small-multiples pages.
Completed in 12.432600021362305 seconds.
Processing 2024-07-01_00006
Summaries built: heatmap matrix = (32, 1250) event raster = (32, 1250)
Saved D:\data\2p_shifted\2024-07-01_00006\suite2p\plane0\r0p7_small_multiples_p1.png
Saved: D:\data\2p_shifted\2024-07-01_00006\suite2p\plane0\r0p7_overview_heatmap.png D:\data\2p_shifted\2024-07-01_00006\suite2p\plane0\r0p7_event_raster.png and small-multiples pages.
Completed in 9.811915636062622 seconds.
Processing 2024-07-01_00012
Summaries built: heatmap matrix = (56, 1250) event raster = (56, 1250)
Saved D:\data\2p_shifted\2024-07-01_00012\suite2p\plane0\r0p7_small_multiples_p1.png
Saved: D:\data\2p_shifted\2024-07-01_00012\suite2p\plane0\r0p7_overview_heatmap.png D:\data\2p_shifted\2024-07-01_00012\suite2p\plane0\r0p7_event_raster.png and small-multiples pages.
Completed in 12.8120698928833 seconds.
Processing 2024-07-01_00013
Summaries built: heatmap matrix = (332, 1250) event raster = (332, 1250)
Saved D:\data\2p_shifted\2024-07-01_00013\suite2p\plane0\r0p7_small_multiples_p1.png
Saved D:\data\2p_shifted\2024-07-01_00013\suite2p\plane0\r0p7_small_multiples_p2.png
Saved D:\data\2p_shifted\2024-07-01_00013\suite2p\plane0\r0p7_small_multiples_p3.png
Saved D:\data\2p_shifted\2024-07-01_00013\suite2p\plane0\r0p7_small_multiples_p4.png
Saved: D:\data\2p_shifted\2024-07-01_00013\suite2p\plane0\r0p7_overview_heatmap.png D:\data\2p_shifted\2024-07-01_00013\suite2p\plane0\r0p7_event_raster.png and small-multiples pages.
Completed in 61.186845779418945 seconds.
Processing 2024-07-01_00016
Summaries built: heatmap matrix = (312, 1241) event raster = (312, 1241)
Saved D:\data\2p_shifted\2024-07-01_00016\suite2p\plane0\r0p7_small_multiples_p1.png
Saved D:\data\2p_shifted\2024-07-01_00016\suite2p\plane0\r0p7_small_multiples_p2.png
Saved D:\data\2p_shifted\2024-07-01_00016\suite2p\plane0\r0p7_small_multiples_p3.png
Saved D:\data\2p_shifted\2024-07-01_00016\suite2p\plane0\r0p7_small_multiples_p4.png
Saved: D:\data\2p_shifted\2024-07-01_00016\suite2p\plane0\r0p7_overview_heatmap.png D:\data\2p_shifted\2024-07-01_00016\suite2p\plane0\r0p7_event_raster.png and small-multiples pages.
Completed in 54.300968170166016 seconds.
Processing 2024-07-01_00017
Summaries built: heatmap matrix = (203, 1312) event raster = (203, 1312)
Saved D:\data\2p_shifted\2024-07-01_00017\suite2p\plane0\r0p7_small_multiples_p1.png
Saved D:\data\2p_shifted\2024-07-01_00017\suite2p\plane0\r0p7_small_multiples_p2.png
Saved D:\data\2p_shifted\2024-07-01_00017\suite2p\plane0\r0p7_small_multiples_p3.png
Saved: D:\data\2p_shifted\2024-07-01_00017\suite2p\plane0\r0p7_overview_heatmap.png D:\data\2p_shifted\2024-07-01_00017\suite2p\plane0\r0p7_event_raster.png and small-multiples pages.
Completed in 39.29874801635742 seconds.
Processing 2024-07-01_00018
Summaries built: heatmap matrix = (697, 1250) event raster = (697, 1250)
Saved D:\data\2p_shifted\2024-07-01_00018\suite2p\plane0\r0p7_small_multiples_p1.png
Saved D:\data\2p_shifted\2024-07-01_00018\suite2p\plane0\r0p7_small_multiples_p2.png
Saved D:\data\2p_shifted\2024-07-01_00018\suite2p\plane0\r0p7_small_multiples_p3.png
Saved D:\data\2p_shifted\2024-07-01_00018\suite2p\plane0\r0p7_small_multiples_p4.png
Saved D:\data\2p_shifted\2024-07-01_00018\suite2p\plane0\r0p7_small_multiples_p5.png
Saved: D:\data\2p_shifted\2024-07-01_00018\suite2p\plane0\r0p7_overview_heatmap.png D:\data\2p_shifted\2024-07-01_00018\suite2p\plane0\r0p7_event_raster.png and small-multiples pages.
Completed in 79.46129417419434 seconds.
Processing 2024-07-01_00019
Summaries built: heatmap matrix = (534, 1250) event raster = (534, 1250)
Saved D:\data\2p_shifted\2024-07-01_00019\suite2p\plane0\r0p7_small_multiples_p1.png
Saved D:\data\2p_shifted\2024-07-01_00019\suite2p\plane0\r0p7_small_multiples_p2.png
Saved D:\data\2p_shifted\2024-07-01_00019\suite2p\plane0\r0p7_small_multiples_p3.png
Saved D:\data\2p_shifted\2024-07-01_00019\suite2p\plane0\r0p7_small_multiples_p4.png
Saved D:\data\2p_shifted\2024-07-01_00019\suite2p\plane0\r0p7_small_multiples_p5.png
Saved: D:\data\2p_shifted\2024-07-01_00019\suite2p\plane0\r0p7_overview_heatmap.png D:\data\2p_shifted\2024-07-01_00019\suite2p\plane0\r0p7_event_raster.png and small-multiples pages.
Completed in 76.84373474121094 seconds.
Processing 2024-07-02_00001
Summaries built: heatmap matrix = (391, 1250) event raster = (391, 1250)
Saved D:\data\2p_shifted\2024-07-02_00001\suite2p\plane0\r0p7_small_multiples_p1.png
Saved D:\data\2p_shifted\2024-07-02_00001\suite2p\plane0\r0p7_small_multiples_p2.png
Saved D:\data\2p_shifted\2024-07-02_00001\suite2p\plane0\r0p7_small_multiples_p3.png
Saved D:\data\2p_shifted\2024-07-02_00001\suite2p\plane0\r0p7_small_multiples_p4.png
Saved D:\data\2p_shifted\2024-07-02_00001\suite2p\plane0\r0p7_small_multiples_p5.png
Saved: D:\data\2p_shifted\2024-07-02_00001\suite2p\plane0\r0p7_overview_heatmap.png D:\data\2p_shifted\2024-07-02_00001\suite2p\plane0\r0p7_event_raster.png and small-multiples pages.
Completed in 69.37531924247742 seconds.
Processing 2024-07-02_00002
Summaries built: heatmap matrix = (2870, 1250) event raster = (2870, 1250)
Saved D:\data\2p_shifted\2024-07-02_00002\suite2p\plane0\r0p7_small_multiples_p1.png
Saved D:\data\2p_shifted\2024-07-02_00002\suite2p\plane0\r0p7_small_multiples_p2.png
Saved D:\data\2p_shifted\2024-07-02_00002\suite2p\plane0\r0p7_small_multiples_p3.png
Saved D:\data\2p_shifted\2024-07-02_00002\suite2p\plane0\r0p7_small_multiples_p4.png
Saved D:\data\2p_shifted\2024-07-02_00002\suite2p\plane0\r0p7_small_multiples_p5.png
Saved: D:\data\2p_shifted\2024-07-02_00002\suite2p\plane0\r0p7_overview_heatmap.png D:\data\2p_shifted\2024-07-02_00002\suite2p\plane0\r0p7_event_raster.png and small-multiples pages.
Completed in 97.8885247707367 seconds.
Processing 2024-07-02_00005
Summaries built: heatmap matrix = (553, 1250) event raster = (553, 1250)
Saved D:\data\2p_shifted\2024-07-02_00005\suite2p\plane0\r0p7_small_multiples_p1.png
Saved D:\data\2p_shifted\2024-07-02_00005\suite2p\plane0\r0p7_small_multiples_p2.png
Saved D:\data\2p_shifted\2024-07-02_00005\suite2p\plane0\r0p7_small_multiples_p3.png
Saved D:\data\2p_shifted\2024-07-02_00005\suite2p\plane0\r0p7_small_multiples_p4.png
Saved D:\data\2p_shifted\2024-07-02_00005\suite2p\plane0\r0p7_small_multiples_p5.png
Saved: D:\data\2p_shifted\2024-07-02_00005\suite2p\plane0\r0p7_overview_heatmap.png D:\data\2p_shifted\2024-07-02_00005\suite2p\plane0\r0p7_event_raster.png and small-multiples pages.
Completed in 79.12557315826416 seconds.
Processing 2024-07-02_00006
Summaries built: heatmap matrix = (724, 1250) event raster = (724, 1250)
Saved D:\data\2p_shifted\2024-07-02_00006\suite2p\plane0\r0p7_small_multiples_p1.png
Saved D:\data\2p_shifted\2024-07-02_00006\suite2p\plane0\r0p7_small_multiples_p2.png
Saved D:\data\2p_shifted\2024-07-02_00006\suite2p\plane0\r0p7_small_multiples_p3.png
Saved D:\data\2p_shifted\2024-07-02_00006\suite2p\plane0\r0p7_small_multiples_p4.png
Saved D:\data\2p_shifted\2024-07-02_00006\suite2p\plane0\r0p7_small_multiples_p5.png
Saved: D:\data\2p_shifted\2024-07-02_00006\suite2p\plane0\r0p7_overview_heatmap.png D:\data\2p_shifted\2024-07-02_00006\suite2p\plane0\r0p7_event_raster.png and small-multiples pages.
Completed in 77.46147441864014 seconds.
Processing 2024-07-02_00007
Summaries built: heatmap matrix = (1407, 1250) event raster = (1407, 1250)
Saved D:\data\2p_shifted\2024-07-02_00007\suite2p\plane0\r0p7_small_multiples_p1.png
Saved D:\data\2p_shifted\2024-07-02_00007\suite2p\plane0\r0p7_small_multiples_p2.png
Saved D:\data\2p_shifted\2024-07-02_00007\suite2p\plane0\r0p7_small_multiples_p3.png
Saved D:\data\2p_shifted\2024-07-02_00007\suite2p\plane0\r0p7_small_multiples_p4.png
Saved D:\data\2p_shifted\2024-07-02_00007\suite2p\plane0\r0p7_small_multiples_p5.png
Saved: D:\data\2p_shifted\2024-07-02_00007\suite2p\plane0\r0p7_overview_heatmap.png D:\data\2p_shifted\2024-07-02_00007\suite2p\plane0\r0p7_event_raster.png and small-multiples pages.
Completed in 89.32863330841064 seconds.
Processing 2024-07-02_00008
Summaries built: heatmap matrix = (4891, 1250) event raster = (4891, 1250)
Saved D:\data\2p_shifted\2024-07-02_00008\suite2p\plane0\r0p7_small_multiples_p1.png
Saved D:\data\2p_shifted\2024-07-02_00008\suite2p\plane0\r0p7_small_multiples_p2.png
Saved D:\data\2p_shifted\2024-07-02_00008\suite2p\plane0\r0p7_small_multiples_p3.png
Saved D:\data\2p_shifted\2024-07-02_00008\suite2p\plane0\r0p7_small_multiples_p4.png
Saved D:\data\2p_shifted\2024-07-02_00008\suite2p\plane0\r0p7_small_multiples_p5.png
Saved: D:\data\2p_shifted\2024-07-02_00008\suite2p\plane0\r0p7_overview_heatmap.png D:\data\2p_shifted\2024-07-02_00008\suite2p\plane0\r0p7_event_raster.png and small-multiples pages.
Completed in 135.60516691207886 seconds.
Processing 2024-07-02_00012
Summaries built: heatmap matrix = (369, 1250) event raster = (369, 1250)
Saved D:\data\2p_shifted\2024-07-02_00012\suite2p\plane0\r0p7_small_multiples_p1.png
Saved D:\data\2p_shifted\2024-07-02_00012\suite2p\plane0\r0p7_small_multiples_p2.png
Saved D:\data\2p_shifted\2024-07-02_00012\suite2p\plane0\r0p7_small_multiples_p3.png
Saved D:\data\2p_shifted\2024-07-02_00012\suite2p\plane0\r0p7_small_multiples_p4.png
Saved: D:\data\2p_shifted\2024-07-02_00012\suite2p\plane0\r0p7_overview_heatmap.png D:\data\2p_shifted\2024-07-02_00012\suite2p\plane0\r0p7_event_raster.png and small-multiples pages.
Completed in 60.96176075935364 seconds.
Processing 2024-07-02_00013
Summaries built: heatmap matrix = (191, 1250) event raster = (191, 1250)
Saved D:\data\2p_shifted\2024-07-02_00013\suite2p\plane0\r0p7_small_multiples_p1.png
Saved D:\data\2p_shifted\2024-07-02_00013\suite2p\plane0\r0p7_small_multiples_p2.png
Saved: D:\data\2p_shifted\2024-07-02_00013\suite2p\plane0\r0p7_overview_heatmap.png D:\data\2p_shifted\2024-07-02_00013\suite2p\plane0\r0p7_event_raster.png and small-multiples pages.
Completed in 30.497020959854126 seconds.
Processing 2024-08-20_00001
Summaries built: heatmap matrix = (169, 1250) event raster = (169, 1250)
Saved D:\data\2p_shifted\2024-08-20_00001\suite2p\plane0\r0p7_small_multiples_p1.png
Saved D:\data\2p_shifted\2024-08-20_00001\suite2p\plane0\r0p7_small_multiples_p2.png
Saved: D:\data\2p_shifted\2024-08-20_00001\suite2p\plane0\r0p7_overview_heatmap.png D:\data\2p_shifted\2024-08-20_00001\suite2p\plane0\r0p7_event_raster.png and small-multiples pages.
Completed in 31.06615900993347 seconds.
Processing 2024-08-20_00002
Summaries built: heatmap matrix = (175, 1250) event raster = (175, 1250)
Saved D:\data\2p_shifted\2024-08-20_00002\suite2p\plane0\r0p7_small_multiples_p1.png
Saved D:\data\2p_shifted\2024-08-20_00002\suite2p\plane0\r0p7_small_multiples_p2.png
Saved: D:\data\2p_shifted\2024-08-20_00002\suite2p\plane0\r0p7_overview_heatmap.png D:\data\2p_shifted\2024-08-20_00002\suite2p\plane0\r0p7_event_raster.png and small-multiples pages.
Completed in 31.854499340057373 seconds.
Processing 2024-08-21_00001
Summaries built: heatmap matrix = (153, 1250) event raster = (153, 1250)
Saved D:\data\2p_shifted\2024-08-21_00001\suite2p\plane0\r0p7_small_multiples_p1.png
Saved D:\data\2p_shifted\2024-08-21_00001\suite2p\plane0\r0p7_small_multiples_p2.png
Saved: D:\data\2p_shifted\2024-08-21_00001\suite2p\plane0\r0p7_overview_heatmap.png D:\data\2p_shifted\2024-08-21_00001\suite2p\plane0\r0p7_event_raster.png and small-multiples pages.
Completed in 29.30341601371765 seconds.
Processing 2024-08-21_00002
Summaries built: heatmap matrix = (420, 1250) event raster = (420, 1250)
Saved D:\data\2p_shifted\2024-08-21_00002\suite2p\plane0\r0p7_small_multiples_p1.png
Saved D:\data\2p_shifted\2024-08-21_00002\suite2p\plane0\r0p7_small_multiples_p2.png
Saved D:\data\2p_shifted\2024-08-21_00002\suite2p\plane0\r0p7_small_multiples_p3.png
Saved D:\data\2p_shifted\2024-08-21_00002\suite2p\plane0\r0p7_small_multiples_p4.png
Saved D:\data\2p_shifted\2024-08-21_00002\suite2p\plane0\r0p7_small_multiples_p5.png
Saved: D:\data\2p_shifted\2024-08-21_00002\suite2p\plane0\r0p7_overview_heatmap.png D:\data\2p_shifted\2024-08-21_00002\suite2p\plane0\r0p7_event_raster.png and small-multiples pages.
Completed in 75.6881456375122 seconds.
Processing 2024-08-21_00003
Summaries built: heatmap matrix = (570, 1250) event raster = (570, 1250)
Saved D:\data\2p_shifted\2024-08-21_00003\suite2p\plane0\r0p7_small_multiples_p1.png
Saved D:\data\2p_shifted\2024-08-21_00003\suite2p\plane0\r0p7_small_multiples_p2.png
Saved D:\data\2p_shifted\2024-08-21_00003\suite2p\plane0\r0p7_small_multiples_p3.png
Saved D:\data\2p_shifted\2024-08-21_00003\suite2p\plane0\r0p7_small_multiples_p4.png
Saved D:\data\2p_shifted\2024-08-21_00003\suite2p\plane0\r0p7_small_multiples_p5.png
Saved: D:\data\2p_shifted\2024-08-21_00003\suite2p\plane0\r0p7_overview_heatmap.png D:\data\2p_shifted\2024-08-21_00003\suite2p\plane0\r0p7_event_raster.png and small-multiples pages.
Completed in 83.78332448005676 seconds.
Processing 2024-08-22_00001
Summaries built: heatmap matrix = (114, 1250) event raster = (114, 1250)
Saved D:\data\2p_shifted\2024-08-22_00001\suite2p\plane0\r0p7_small_multiples_p1.png
Saved D:\data\2p_shifted\2024-08-22_00001\suite2p\plane0\r0p7_small_multiples_p2.png
Saved: D:\data\2p_shifted\2024-08-22_00001\suite2p\plane0\r0p7_overview_heatmap.png D:\data\2p_shifted\2024-08-22_00001\suite2p\plane0\r0p7_event_raster.png and small-multiples pages.
Completed in 24.14903473854065 seconds.
Processing 2024-08-22_00002
Summaries built: heatmap matrix = (63, 1250) event raster = (63, 1250)
Saved D:\data\2p_shifted\2024-08-22_00002\suite2p\plane0\r0p7_small_multiples_p1.png
Saved: D:\data\2p_shifted\2024-08-22_00002\suite2p\plane0\r0p7_overview_heatmap.png D:\data\2p_shifted\2024-08-22_00002\suite2p\plane0\r0p7_event_raster.png and small-multiples pages.
Completed in 13.459639549255371 seconds.
Processing 2024-08-22_00003
Summaries built: heatmap matrix = (251, 1250) event raster = (251, 1250)
Saved D:\data\2p_shifted\2024-08-22_00003\suite2p\plane0\r0p7_small_multiples_p1.png
Saved D:\data\2p_shifted\2024-08-22_00003\suite2p\plane0\r0p7_small_multiples_p2.png
Saved D:\data\2p_shifted\2024-08-22_00003\suite2p\plane0\r0p7_small_multiples_p3.png
Saved: D:\data\2p_shifted\2024-08-22_00003\suite2p\plane0\r0p7_overview_heatmap.png D:\data\2p_shifted\2024-08-22_00003\suite2p\plane0\r0p7_event_raster.png and small-multiples pages.
Completed in 43.27234482765198 seconds.
Processing 2024-08-22_00004
Summaries built: heatmap matrix = (151, 1250) event raster = (151, 1250)
Saved D:\data\2p_shifted\2024-08-22_00004\suite2p\plane0\r0p7_small_multiples_p1.png
Saved D:\data\2p_shifted\2024-08-22_00004\suite2p\plane0\r0p7_small_multiples_p2.png
Saved: D:\data\2p_shifted\2024-08-22_00004\suite2p\plane0\r0p7_overview_heatmap.png D:\data\2p_shifted\2024-08-22_00004\suite2p\plane0\r0p7_event_raster.png and small-multiples pages.
Completed in 27.396538972854614 seconds.
Processing 2024-10-30_00003
Summaries built: heatmap matrix = (83, 1250) event raster = (83, 1250)
Saved D:\data\2p_shifted\2024-10-30_00003\suite2p\plane0\r0p7_small_multiples_p1.png
Saved: D:\data\2p_shifted\2024-10-30_00003\suite2p\plane0\r0p7_overview_heatmap.png D:\data\2p_shifted\2024-10-30_00003\suite2p\plane0\r0p7_event_raster.png and small-multiples pages.
Completed in 15.438916206359863 seconds.
Processing 2024-10-30_00005
Summaries built: heatmap matrix = (4734, 1250) event raster = (4734, 1250)
Saved D:\data\2p_shifted\2024-10-30_00005\suite2p\plane0\r0p7_small_multiples_p1.png
Saved D:\data\2p_shifted\2024-10-30_00005\suite2p\plane0\r0p7_small_multiples_p2.png
Saved D:\data\2p_shifted\2024-10-30_00005\suite2p\plane0\r0p7_small_multiples_p3.png
Saved D:\data\2p_shifted\2024-10-30_00005\suite2p\plane0\r0p7_small_multiples_p4.png
Saved D:\data\2p_shifted\2024-10-30_00005\suite2p\plane0\r0p7_small_multiples_p5.png
Saved: D:\data\2p_shifted\2024-10-30_00005\suite2p\plane0\r0p7_overview_heatmap.png D:\data\2p_shifted\2024-10-30_00005\suite2p\plane0\r0p7_event_raster.png and small-multiples pages.
Completed in 92.95453810691833 seconds.
Processing 2024-10-30_00010
Summaries built: heatmap matrix = (966, 1250) event raster = (966, 1250)
Saved D:\data\2p_shifted\2024-10-30_00010\suite2p\plane0\r0p7_small_multiples_p1.png
Saved D:\data\2p_shifted\2024-10-30_00010\suite2p\plane0\r0p7_small_multiples_p2.png
Saved D:\data\2p_shifted\2024-10-30_00010\suite2p\plane0\r0p7_small_multiples_p3.png
Saved D:\data\2p_shifted\2024-10-30_00010\suite2p\plane0\r0p7_small_multiples_p4.png
Saved D:\data\2p_shifted\2024-10-30_00010\suite2p\plane0\r0p7_small_multiples_p5.png
Saved: D:\data\2p_shifted\2024-10-30_00010\suite2p\plane0\r0p7_overview_heatmap.png D:\data\2p_shifted\2024-10-30_00010\suite2p\plane0\r0p7_event_raster.png and small-multiples pages.
Completed in 85.0176773071289 seconds.
Processing 2024-10-30_00012
Summaries built: heatmap matrix = (23, 1250) event raster = (23, 1250)
Saved D:\data\2p_shifted\2024-10-30_00012\suite2p\plane0\r0p7_small_multiples_p1.png
Saved: D:\data\2p_shifted\2024-10-30_00012\suite2p\plane0\r0p7_overview_heatmap.png D:\data\2p_shifted\2024-10-30_00012\suite2p\plane0\r0p7_event_raster.png and small-multiples pages.
Completed in 9.01392149925232 seconds.
Processing 2024-10-30_00013
Summaries built: heatmap matrix = (4893, 1250) event raster = (4893, 1250)
Saved D:\data\2p_shifted\2024-10-30_00013\suite2p\plane0\r0p7_small_multiples_p1.png
Saved D:\data\2p_shifted\2024-10-30_00013\suite2p\plane0\r0p7_small_multiples_p2.png
Saved D:\data\2p_shifted\2024-10-30_00013\suite2p\plane0\r0p7_small_multiples_p3.png
Saved D:\data\2p_shifted\2024-10-30_00013\suite2p\plane0\r0p7_small_multiples_p4.png
Saved D:\data\2p_shifted\2024-10-30_00013\suite2p\plane0\r0p7_small_multiples_p5.png
Saved: D:\data\2p_shifted\2024-10-30_00013\suite2p\plane0\r0p7_overview_heatmap.png D:\data\2p_shifted\2024-10-30_00013\suite2p\plane0\r0p7_event_raster.png and small-multiples pages.
Completed in 100.88537836074829 seconds.
Processing 2024-10-31_00001
Summaries built: heatmap matrix = (218, 1250) event raster = (218, 1250)
Saved D:\data\2p_shifted\2024-10-31_00001\suite2p\plane0\r0p7_small_multiples_p1.png
Saved D:\data\2p_shifted\2024-10-31_00001\suite2p\plane0\r0p7_small_multiples_p2.png
Saved D:\data\2p_shifted\2024-10-31_00001\suite2p\plane0\r0p7_small_multiples_p3.png
Saved: D:\data\2p_shifted\2024-10-31_00001\suite2p\plane0\r0p7_overview_heatmap.png D:\data\2p_shifted\2024-10-31_00001\suite2p\plane0\r0p7_event_raster.png and small-multiples pages.
Completed in 40.48121094703674 seconds.
Processing 2024-10-31_00002
Summaries built: heatmap matrix = (4610, 1250) event raster = (4610, 1250)
Saved D:\data\2p_shifted\2024-10-31_00002\suite2p\plane0\r0p7_small_multiples_p1.png
Saved D:\data\2p_shifted\2024-10-31_00002\suite2p\plane0\r0p7_small_multiples_p2.png
Saved D:\data\2p_shifted\2024-10-31_00002\suite2p\plane0\r0p7_small_multiples_p3.png
Saved D:\data\2p_shifted\2024-10-31_00002\suite2p\plane0\r0p7_small_multiples_p4.png
Saved D:\data\2p_shifted\2024-10-31_00002\suite2p\plane0\r0p7_small_multiples_p5.png
Saved: D:\data\2p_shifted\2024-10-31_00002\suite2p\plane0\r0p7_overview_heatmap.png D:\data\2p_shifted\2024-10-31_00002\suite2p\plane0\r0p7_event_raster.png and small-multiples pages.
Completed in 96.97520852088928 seconds.
Processing 2024-10-31_00003
Summaries built: heatmap matrix = (11, 1250) event raster = (11, 1250)
Saved D:\data\2p_shifted\2024-10-31_00003\suite2p\plane0\r0p7_small_multiples_p1.png
Saved: D:\data\2p_shifted\2024-10-31_00003\suite2p\plane0\r0p7_overview_heatmap.png D:\data\2p_shifted\2024-10-31_00003\suite2p\plane0\r0p7_event_raster.png and small-multiples pages.
Completed in 8.05366039276123 seconds.
Processing 2024-10-31_00004
Summaries built: heatmap matrix = (8, 1250) event raster = (8, 1250)
Saved D:\data\2p_shifted\2024-10-31_00004\suite2p\plane0\r0p7_small_multiples_p1.png
Saved: D:\data\2p_shifted\2024-10-31_00004\suite2p\plane0\r0p7_overview_heatmap.png D:\data\2p_shifted\2024-10-31_00004\suite2p\plane0\r0p7_event_raster.png and small-multiples pages.
Completed in 7.6197829246521 seconds.
Processing 2024-10-31_00005
Summaries built: heatmap matrix = (160, 1250) event raster = (160, 1250)
Saved D:\data\2p_shifted\2024-10-31_00005\suite2p\plane0\r0p7_small_multiples_p1.png
Saved D:\data\2p_shifted\2024-10-31_00005\suite2p\plane0\r0p7_small_multiples_p2.png
Saved: D:\data\2p_shifted\2024-10-31_00005\suite2p\plane0\r0p7_overview_heatmap.png D:\data\2p_shifted\2024-10-31_00005\suite2p\plane0\r0p7_event_raster.png and small-multiples pages.
Completed in 27.774733066558838 seconds.
Processing 2024-11-04_00003
Summaries built: heatmap matrix = (1473, 1250) event raster = (1473, 1250)
Saved D:\data\2p_shifted\2024-11-04_00003\suite2p\plane0\r0p7_small_multiples_p1.png
Saved D:\data\2p_shifted\2024-11-04_00003\suite2p\plane0\r0p7_small_multiples_p2.png
Saved D:\data\2p_shifted\2024-11-04_00003\suite2p\plane0\r0p7_small_multiples_p3.png
Saved D:\data\2p_shifted\2024-11-04_00003\suite2p\plane0\r0p7_small_multiples_p4.png
Saved D:\data\2p_shifted\2024-11-04_00003\suite2p\plane0\r0p7_small_multiples_p5.png
Saved: D:\data\2p_shifted\2024-11-04_00003\suite2p\plane0\r0p7_overview_heatmap.png D:\data\2p_shifted\2024-11-04_00003\suite2p\plane0\r0p7_event_raster.png and small-multiples pages.
Completed in 81.38134527206421 seconds.
Processing 2024-11-04_00004
Summaries built: heatmap matrix = (308, 1250) event raster = (308, 1250)
Saved D:\data\2p_shifted\2024-11-04_00004\suite2p\plane0\r0p7_small_multiples_p1.png
Saved D:\data\2p_shifted\2024-11-04_00004\suite2p\plane0\r0p7_small_multiples_p2.png
Saved D:\data\2p_shifted\2024-11-04_00004\suite2p\plane0\r0p7_small_multiples_p3.png
Saved D:\data\2p_shifted\2024-11-04_00004\suite2p\plane0\r0p7_small_multiples_p4.png
Saved: D:\data\2p_shifted\2024-11-04_00004\suite2p\plane0\r0p7_overview_heatmap.png D:\data\2p_shifted\2024-11-04_00004\suite2p\plane0\r0p7_event_raster.png and small-multiples pages.
Completed in 54.93636441230774 seconds.
Processing 2024-11-04_00005
Summaries built: heatmap matrix = (4894, 1250) event raster = (4894, 1250)
Saved D:\data\2p_shifted\2024-11-04_00005\suite2p\plane0\r0p7_small_multiples_p1.png
Saved D:\data\2p_shifted\2024-11-04_00005\suite2p\plane0\r0p7_small_multiples_p2.png
Saved D:\data\2p_shifted\2024-11-04_00005\suite2p\plane0\r0p7_small_multiples_p3.png
Saved D:\data\2p_shifted\2024-11-04_00005\suite2p\plane0\r0p7_small_multiples_p4.png
Saved D:\data\2p_shifted\2024-11-04_00005\suite2p\plane0\r0p7_small_multiples_p5.png
Saved: D:\data\2p_shifted\2024-11-04_00005\suite2p\plane0\r0p7_overview_heatmap.png D:\data\2p_shifted\2024-11-04_00005\suite2p\plane0\r0p7_event_raster.png and small-multiples pages.
Completed in 100.57882189750671 seconds.
Processing 2024-11-04_00008
Summaries built: heatmap matrix = (143, 1250) event raster = (143, 1250)
Saved D:\data\2p_shifted\2024-11-04_00008\suite2p\plane0\r0p7_small_multiples_p1.png
Saved D:\data\2p_shifted\2024-11-04_00008\suite2p\plane0\r0p7_small_multiples_p2.png
Saved: D:\data\2p_shifted\2024-11-04_00008\suite2p\plane0\r0p7_overview_heatmap.png D:\data\2p_shifted\2024-11-04_00008\suite2p\plane0\r0p7_event_raster.png and small-multiples pages.
Completed in 27.891708850860596 seconds.
Processing 2024-11-04_00009
Summaries built: heatmap matrix = (4961, 1351) event raster = (4961, 1351)
Saved D:\data\2p_shifted\2024-11-04_00009\suite2p\plane0\r0p7_small_multiples_p1.png
Saved D:\data\2p_shifted\2024-11-04_00009\suite2p\plane0\r0p7_small_multiples_p2.png
Saved D:\data\2p_shifted\2024-11-04_00009\suite2p\plane0\r0p7_small_multiples_p3.png
Saved D:\data\2p_shifted\2024-11-04_00009\suite2p\plane0\r0p7_small_multiples_p4.png
Saved D:\data\2p_shifted\2024-11-04_00009\suite2p\plane0\r0p7_small_multiples_p5.png
Saved: D:\data\2p_shifted\2024-11-04_00009\suite2p\plane0\r0p7_overview_heatmap.png D:\data\2p_shifted\2024-11-04_00009\suite2p\plane0\r0p7_event_raster.png and small-multiples pages.
Completed in 123.7004919052124 seconds.
Processing 2024-11-04_00010
Summaries built: heatmap matrix = (118, 1250) event raster = (118, 1250)
Saved D:\data\2p_shifted\2024-11-04_00010\suite2p\plane0\r0p7_small_multiples_p1.png
Saved D:\data\2p_shifted\2024-11-04_00010\suite2p\plane0\r0p7_small_multiples_p2.png
Saved: D:\data\2p_shifted\2024-11-04_00010\suite2p\plane0\r0p7_overview_heatmap.png D:\data\2p_shifted\2024-11-04_00010\suite2p\plane0\r0p7_event_raster.png and small-multiples pages.
Completed in 24.865461587905884 seconds.
Processing 2024-11-05_00001
Summaries built: heatmap matrix = (473, 1250) event raster = (473, 1250)
Saved D:\data\2p_shifted\2024-11-05_00001\suite2p\plane0\r0p7_small_multiples_p1.png
Saved D:\data\2p_shifted\2024-11-05_00001\suite2p\plane0\r0p7_small_multiples_p2.png
Saved D:\data\2p_shifted\2024-11-05_00001\suite2p\plane0\r0p7_small_multiples_p3.png
Saved D:\data\2p_shifted\2024-11-05_00001\suite2p\plane0\r0p7_small_multiples_p4.png
Saved D:\data\2p_shifted\2024-11-05_00001\suite2p\plane0\r0p7_small_multiples_p5.png
Saved: D:\data\2p_shifted\2024-11-05_00001\suite2p\plane0\r0p7_overview_heatmap.png D:\data\2p_shifted\2024-11-05_00001\suite2p\plane0\r0p7_event_raster.png and small-multiples pages.
Completed in 80.36565208435059 seconds.
Processing 2024-11-05_00003
Summaries built: heatmap matrix = (4960, 1239) event raster = (4960, 1239)
Saved D:\data\2p_shifted\2024-11-05_00003\suite2p\plane0\r0p7_small_multiples_p1.png
Saved D:\data\2p_shifted\2024-11-05_00003\suite2p\plane0\r0p7_small_multiples_p2.png
Saved D:\data\2p_shifted\2024-11-05_00003\suite2p\plane0\r0p7_small_multiples_p3.png
Saved D:\data\2p_shifted\2024-11-05_00003\suite2p\plane0\r0p7_small_multiples_p4.png
Saved D:\data\2p_shifted\2024-11-05_00003\suite2p\plane0\r0p7_small_multiples_p5.png
Saved: D:\data\2p_shifted\2024-11-05_00003\suite2p\plane0\r0p7_overview_heatmap.png D:\data\2p_shifted\2024-11-05_00003\suite2p\plane0\r0p7_event_raster.png and small-multiples pages.
Completed in 106.9113757610321 seconds.
Processing 2024-11-05_00004
Summaries built: heatmap matrix = (352, 1250) event raster = (352, 1250)
Saved D:\data\2p_shifted\2024-11-05_00004\suite2p\plane0\r0p7_small_multiples_p1.png
Saved D:\data\2p_shifted\2024-11-05_00004\suite2p\plane0\r0p7_small_multiples_p2.png
Saved D:\data\2p_shifted\2024-11-05_00004\suite2p\plane0\r0p7_small_multiples_p3.png
Saved D:\data\2p_shifted\2024-11-05_00004\suite2p\plane0\r0p7_small_multiples_p4.png
Saved: D:\data\2p_shifted\2024-11-05_00004\suite2p\plane0\r0p7_overview_heatmap.png D:\data\2p_shifted\2024-11-05_00004\suite2p\plane0\r0p7_event_raster.png and small-multiples pages.
Completed in 61.63702893257141 seconds.
Processing 2024-11-05_00007
Summaries built: heatmap matrix = (378, 1250) event raster = (378, 1250)
Saved D:\data\2p_shifted\2024-11-05_00007\suite2p\plane0\r0p7_small_multiples_p1.png
Saved D:\data\2p_shifted\2024-11-05_00007\suite2p\plane0\r0p7_small_multiples_p2.png
Saved D:\data\2p_shifted\2024-11-05_00007\suite2p\plane0\r0p7_small_multiples_p3.png
Saved D:\data\2p_shifted\2024-11-05_00007\suite2p\plane0\r0p7_small_multiples_p4.png
Saved: D:\data\2p_shifted\2024-11-05_00007\suite2p\plane0\r0p7_overview_heatmap.png D:\data\2p_shifted\2024-11-05_00007\suite2p\plane0\r0p7_event_raster.png and small-multiples pages.
Completed in 63.15574884414673 seconds.
Processing 2024-11-18_00001
Summaries built: heatmap matrix = (4992, 1250) event raster = (4992, 1250)
Saved D:\data\2p_shifted\2024-11-18_00001\suite2p\plane0\r0p7_small_multiples_p1.png
Saved D:\data\2p_shifted\2024-11-18_00001\suite2p\plane0\r0p7_small_multiples_p2.png
Saved D:\data\2p_shifted\2024-11-18_00001\suite2p\plane0\r0p7_small_multiples_p3.png
Saved D:\data\2p_shifted\2024-11-18_00001\suite2p\plane0\r0p7_small_multiples_p4.png
Saved D:\data\2p_shifted\2024-11-18_00001\suite2p\plane0\r0p7_small_multiples_p5.png
Saved: D:\data\2p_shifted\2024-11-18_00001\suite2p\plane0\r0p7_overview_heatmap.png D:\data\2p_shifted\2024-11-18_00001\suite2p\plane0\r0p7_event_raster.png and small-multiples pages.
Completed in 117.51713156700134 seconds.
Processing 2024-11-18_00002
Summaries built: heatmap matrix = (4978, 1250) event raster = (4978, 1250)
Saved D:\data\2p_shifted\2024-11-18_00002\suite2p\plane0\r0p7_small_multiples_p1.png
Saved D:\data\2p_shifted\2024-11-18_00002\suite2p\plane0\r0p7_small_multiples_p2.png
Saved D:\data\2p_shifted\2024-11-18_00002\suite2p\plane0\r0p7_small_multiples_p3.png
Saved D:\data\2p_shifted\2024-11-18_00002\suite2p\plane0\r0p7_small_multiples_p4.png
Saved D:\data\2p_shifted\2024-11-18_00002\suite2p\plane0\r0p7_small_multiples_p5.png
Saved: D:\data\2p_shifted\2024-11-18_00002\suite2p\plane0\r0p7_overview_heatmap.png D:\data\2p_shifted\2024-11-18_00002\suite2p\plane0\r0p7_event_raster.png and small-multiples pages.
Completed in 155.9583330154419 seconds.
Processing 2024-11-18_00003
Summaries built: heatmap matrix = (1771, 1250) event raster = (1771, 1250)
Saved D:\data\2p_shifted\2024-11-18_00003\suite2p\plane0\r0p7_small_multiples_p1.png
Saved D:\data\2p_shifted\2024-11-18_00003\suite2p\plane0\r0p7_small_multiples_p2.png
Saved D:\data\2p_shifted\2024-11-18_00003\suite2p\plane0\r0p7_small_multiples_p3.png
Saved D:\data\2p_shifted\2024-11-18_00003\suite2p\plane0\r0p7_small_multiples_p4.png
Saved D:\data\2p_shifted\2024-11-18_00003\suite2p\plane0\r0p7_small_multiples_p5.png
Saved: D:\data\2p_shifted\2024-11-18_00003\suite2p\plane0\r0p7_overview_heatmap.png D:\data\2p_shifted\2024-11-18_00003\suite2p\plane0\r0p7_event_raster.png and small-multiples pages.
Completed in 102.78750538825989 seconds.
Processing 2024-11-18_00005
Summaries built: heatmap matrix = (933, 1250) event raster = (933, 1250)
Saved D:\data\2p_shifted\2024-11-18_00005\suite2p\plane0\r0p7_small_multiples_p1.png
Saved D:\data\2p_shifted\2024-11-18_00005\suite2p\plane0\r0p7_small_multiples_p2.png
Saved D:\data\2p_shifted\2024-11-18_00005\suite2p\plane0\r0p7_small_multiples_p3.png
Saved D:\data\2p_shifted\2024-11-18_00005\suite2p\plane0\r0p7_small_multiples_p4.png
Saved D:\data\2p_shifted\2024-11-18_00005\suite2p\plane0\r0p7_small_multiples_p5.png
Saved: D:\data\2p_shifted\2024-11-18_00005\suite2p\plane0\r0p7_overview_heatmap.png D:\data\2p_shifted\2024-11-18_00005\suite2p\plane0\r0p7_event_raster.png and small-multiples pages.
Completed in 83.36041140556335 seconds.
Processing 2024-11-18_00006
Summaries built: heatmap matrix = (1061, 1250) event raster = (1061, 1250)
Saved D:\data\2p_shifted\2024-11-18_00006\suite2p\plane0\r0p7_small_multiples_p1.png
Saved D:\data\2p_shifted\2024-11-18_00006\suite2p\plane0\r0p7_small_multiples_p2.png
Saved D:\data\2p_shifted\2024-11-18_00006\suite2p\plane0\r0p7_small_multiples_p3.png
Saved D:\data\2p_shifted\2024-11-18_00006\suite2p\plane0\r0p7_small_multiples_p4.png
Saved D:\data\2p_shifted\2024-11-18_00006\suite2p\plane0\r0p7_small_multiples_p5.png
Saved: D:\data\2p_shifted\2024-11-18_00006\suite2p\plane0\r0p7_overview_heatmap.png D:\data\2p_shifted\2024-11-18_00006\suite2p\plane0\r0p7_event_raster.png and small-multiples pages.
Completed in 85.31378126144409 seconds.
Processing 2024-11-18_00007
Summaries built: heatmap matrix = (4614, 1250) event raster = (4614, 1250)
Saved D:\data\2p_shifted\2024-11-18_00007\suite2p\plane0\r0p7_small_multiples_p1.png
Saved D:\data\2p_shifted\2024-11-18_00007\suite2p\plane0\r0p7_small_multiples_p2.png
Saved D:\data\2p_shifted\2024-11-18_00007\suite2p\plane0\r0p7_small_multiples_p3.png
Saved D:\data\2p_shifted\2024-11-18_00007\suite2p\plane0\r0p7_small_multiples_p4.png
Saved D:\data\2p_shifted\2024-11-18_00007\suite2p\plane0\r0p7_small_multiples_p5.png
Saved: D:\data\2p_shifted\2024-11-18_00007\suite2p\plane0\r0p7_overview_heatmap.png D:\data\2p_shifted\2024-11-18_00007\suite2p\plane0\r0p7_event_raster.png and small-multiples pages.
Completed in 119.24871492385864 seconds.
Processing 2024-11-18_00008
Summaries built: heatmap matrix = (727, 1250) event raster = (727, 1250)
Saved D:\data\2p_shifted\2024-11-18_00008\suite2p\plane0\r0p7_small_multiples_p1.png
Saved D:\data\2p_shifted\2024-11-18_00008\suite2p\plane0\r0p7_small_multiples_p2.png
Saved D:\data\2p_shifted\2024-11-18_00008\suite2p\plane0\r0p7_small_multiples_p3.png
Saved D:\data\2p_shifted\2024-11-18_00008\suite2p\plane0\r0p7_small_multiples_p4.png
Saved D:\data\2p_shifted\2024-11-18_00008\suite2p\plane0\r0p7_small_multiples_p5.png
Saved: D:\data\2p_shifted\2024-11-18_00008\suite2p\plane0\r0p7_overview_heatmap.png D:\data\2p_shifted\2024-11-18_00008\suite2p\plane0\r0p7_event_raster.png and small-multiples pages.
Completed in 83.0158097743988 seconds.
Processing 2024-11-20_00002
Summaries built: heatmap matrix = (1365, 1250) event raster = (1365, 1250)
Saved D:\data\2p_shifted\2024-11-20_00002\suite2p\plane0\r0p7_small_multiples_p1.png
Saved D:\data\2p_shifted\2024-11-20_00002\suite2p\plane0\r0p7_small_multiples_p2.png
Saved D:\data\2p_shifted\2024-11-20_00002\suite2p\plane0\r0p7_small_multiples_p3.png
Saved D:\data\2p_shifted\2024-11-20_00002\suite2p\plane0\r0p7_small_multiples_p4.png
Saved D:\data\2p_shifted\2024-11-20_00002\suite2p\plane0\r0p7_small_multiples_p5.png
Saved: D:\data\2p_shifted\2024-11-20_00002\suite2p\plane0\r0p7_overview_heatmap.png D:\data\2p_shifted\2024-11-20_00002\suite2p\plane0\r0p7_event_raster.png and small-multiples pages.
Completed in 88.22111940383911 seconds.
Processing 2024-11-20_00003
Summaries built: heatmap matrix = (4978, 1250) event raster = (4978, 1250)
Saved D:\data\2p_shifted\2024-11-20_00003\suite2p\plane0\r0p7_small_multiples_p1.png
Saved D:\data\2p_shifted\2024-11-20_00003\suite2p\plane0\r0p7_small_multiples_p2.png
Saved D:\data\2p_shifted\2024-11-20_00003\suite2p\plane0\r0p7_small_multiples_p3.png
Saved D:\data\2p_shifted\2024-11-20_00003\suite2p\plane0\r0p7_small_multiples_p4.png
Saved D:\data\2p_shifted\2024-11-20_00003\suite2p\plane0\r0p7_small_multiples_p5.png
Saved: D:\data\2p_shifted\2024-11-20_00003\suite2p\plane0\r0p7_overview_heatmap.png D:\data\2p_shifted\2024-11-20_00003\suite2p\plane0\r0p7_event_raster.png and small-multiples pages.
Completed in 582.183586359024 seconds.
Processing 2024-11-20_00004
Summaries built: heatmap matrix = (3182, 1250) event raster = (3182, 1250)
Saved D:\data\2p_shifted\2024-11-20_00004\suite2p\plane0\r0p7_small_multiples_p1.png
Saved D:\data\2p_shifted\2024-11-20_00004\suite2p\plane0\r0p7_small_multiples_p2.png
Saved D:\data\2p_shifted\2024-11-20_00004\suite2p\plane0\r0p7_small_multiples_p3.png
Saved D:\data\2p_shifted\2024-11-20_00004\suite2p\plane0\r0p7_small_multiples_p4.png
Saved D:\data\2p_shifted\2024-11-20_00004\suite2p\plane0\r0p7_small_multiples_p5.png
Saved: D:\data\2p_shifted\2024-11-20_00004\suite2p\plane0\r0p7_overview_heatmap.png D:\data\2p_shifted\2024-11-20_00004\suite2p\plane0\r0p7_event_raster.png and small-multiples pages.
Completed in 447.6785488128662 seconds.
Processing 2024-11-20_00001
Summaries built: heatmap matrix = (367, 1250) event raster = (367, 1250)
Saved D:\data\2p_shifted\2024-11-20_00001\suite2p\plane0\r0p7_small_multiples_p1.png
Saved D:\data\2p_shifted\2024-11-20_00001\suite2p\plane0\r0p7_small_multiples_p2.png
Saved D:\data\2p_shifted\2024-11-20_00001\suite2p\plane0\r0p7_small_multiples_p3.png
Saved D:\data\2p_shifted\2024-11-20_00001\suite2p\plane0\r0p7_small_multiples_p4.png
Saved: D:\data\2p_shifted\2024-11-20_00001\suite2p\plane0\r0p7_overview_heatmap.png D:\data\2p_shifted\2024-11-20_00001\suite2p\plane0\r0p7_event_raster.png and small-multiples pages.
Completed in 63.68125867843628 seconds.
Processing plane0
Processing 2024-07-01_00001
Summaries built: heatmap matrix = (57, 1250) event raster = (57, 1250)
Saved D:\data\2p_shifted\2024-07-01_00001\suite2p\plane0\r0p7_small_multiples_p1.png
Saved: D:\data\2p_shifted\2024-07-01_00001\suite2p\plane0\r0p7_overview_heatmap.png D:\data\2p_shifted\2024-07-01_00001\suite2p\plane0\r0p7_event_raster.png and small-multiples pages.
Completed in 13.421482563018799 seconds.
Processing 2024-07-01_00001
Summaries built: heatmap matrix = (57, 1250) event raster = (57, 1250)
Saved D:\data\2p_shifted\2024-07-01_00001\suite2p\plane0\r0p7_small_multiples_p1.png
Saved: D:\data\2p_shifted\2024-07-01_00001\suite2p\plane0\r0p7_overview_heatmap.png D:\data\2p_shifted\2024-07-01_00001\suite2p\plane0\r0p7_event_raster.png and small-multiples pages.
Completed in 13.650467872619629 seconds.
Processing 2024-07-01_00001
Summaries built: heatmap matrix = (57, 1250) event raster = (57, 1250)
Saved D:\data\2p_shifted\2024-07-01_00001\suite2p\plane0\r0p7_small_multiples_p1.png
Saved: D:\data\2p_shifted\2024-07-01_00001\suite2p\plane0\r0p7_overview_heatmap.png D:\data\2p_shifted\2024-07-01_00001\suite2p\plane0\r0p7_event_raster.png and small-multiples pages.
Completed in 14.841618776321411 seconds.
Processing 2024-07-01_00001
Summaries built: heatmap matrix = (57, 1250) event raster = (57, 1250)
Saved D:\data\2p_shifted\2024-07-01_00001\suite2p\plane0\r0p7_small_multiples_p1.png
Saved: D:\data\2p_shifted\2024-07-01_00001\suite2p\plane0\r0p7_overview_heatmap.png D:\data\2p_shifted\2024-07-01_00001\suite2p\plane0\r0p7_event_raster.png and small-multiples pages.
Completed in 14.171386241912842 seconds.
Processing 2024-07-01_00001
Summaries built: heatmap matrix = (57, 1250) event raster = (57, 1250)
Saved D:\data\2p_shifted\2024-07-01_00001\suite2p\plane0\r0p7_small_multiples_p1.png
Saved: D:\data\2p_shifted\2024-07-01_00001\suite2p\plane0\r0p7_overview_heatmap.png D:\data\2p_shifted\2024-07-01_00001\suite2p\plane0\r0p7_event_raster.png and small-multiples pages.
Completed in 12.995671272277832 seconds.
Processing 2024-06-03_00001
Processing 2024-06-03_00001
Summaries built: heatmap matrix = (630, 1250) event raster = (630, 1250)
Saved E:\data\2p_shifted\Cx\2024-11-20_00003\suite2p\plane0\r0p7_spatial_event_rate\r0p7_spatial_event_rate
Saved E:\data\2p_shifted\Cx\2024-11-20_00003\suite2p\plane0\r0p7_spatial_event_rate\r0p7_spatial_event_rate_prob.png
[SpatialHeatmap] Retained 1000 / 4978 ROIs ( score 0.15)
Saved E:\data\2p_shifted\Cx\2024-11-20_00003\suite2p\plane0\r0p7_spatial_event_rate\r0p7_spatial_event_rate_probmasked.png
Saved E:\data\2p_shifted\Cx\2024-11-20_00003\suite2p\plane0\r0p7_spatial_event_rate\r0p7_spatial_event_rate_probmask_cells_only.png
[CoAct] Using 1000 / 4978 ROIs after filter.
Saved E:\data\2p_shifted\Cx\2024-11-20_00003\suite2p\plane0\r0p7_coact_order_bin_cells\r0p7_coact_order_bin0022_cells.png
Saved E:\data\2p_shifted\Cx\2024-11-20_00003\suite2p\plane0\r0p7_coact_order_bin_cells\r0p7_coact_order_bin0092_cells.png
Saved E:\data\2p_shifted\Cx\2024-11-20_00003\suite2p\plane0\r0p7_coact_order_bin_cells\r0p7_coact_order_bin0134_cells.png
Saved E:\data\2p_shifted\Cx\2024-11-20_00003\suite2p\plane0\r0p7_coact_order_bin_cells\r0p7_coact_order_bin0264_cells.png
Saved E:\data\2p_shifted\Cx\2024-11-20_00003\suite2p\plane0\r0p7_coact_order_bin_cells\r0p7_coact_order_bin0276_cells.png
Saved E:\data\2p_shifted\Cx\2024-11-20_00003\suite2p\plane0\r0p7_coact_order_bin_cells\r0p7_coact_order_bin0458_cells.png
Saved E:\data\2p_shifted\Cx\2024-11-20_00003\suite2p\plane0\r0p7_coact_order_bin_cells\r0p7_coact_order_bin0602_cells.png
Saved E:\data\2p_shifted\Cx\2024-11-20_00003\suite2p\plane0\r0p7_coact_order_bin_cells\r0p7_coact_order_bin0610_cells.png
Saved E:\data\2p_shifted\Cx\2024-11-20_00003\suite2p\plane0\r0p7_coact_order_bin_cells\r0p7_coact_order_bin0946_cells.png
Saved E:\data\2p_shifted\Cx\2024-11-20_00003\suite2p\plane0\r0p7_coact_order_bin_cells\r0p7_coact_order_bin0952_cells.png
Saved E:\data\2p_shifted\Cx\2024-11-20_00003\suite2p\plane0\r0p7_coact_order_bin_cells\r0p7_coact_order_bin0960_cells.png
Saved E:\data\2p_shifted\Cx\2024-11-20_00003\suite2p\plane0\r0p7_coact_order_bin_cells\r0p7_coact_order_bin1008_cells.png
Saved E:\data\2p_shifted\Cx\2024-11-20_00003\suite2p\plane0\r0p7_coact_order_bin_cells\r0p7_coact_order_bin1388_cells.png
Saved E:\data\2p_shifted\Cx\2024-11-20_00003\suite2p\plane0\r0p7_coact_order_bin_cells\r0p7_coact_order_bin1414_cells.png
Saved E:\data\2p_shifted\Cx\2024-11-20_00003\suite2p\plane0\r0p7_coact_order_bin_cells\r0p7_coact_order_bin1420_cells.png
Saved E:\data\2p_shifted\Cx\2024-11-20_00003\suite2p\plane0\r0p7_coact_order_bin_cells\r0p7_coact_order_bin1442_cells.png
Saved E:\data\2p_shifted\Cx\2024-11-20_00003\suite2p\plane0\r0p7_coact_order_bin_cells\r0p7_coact_order_bin1488_cells.png
Saved E:\data\2p_shifted\Cx\2024-11-20_00003\suite2p\plane0\r0p7_coact_order_bin_cells\r0p7_coact_order_bin1492_cells.png
Saved E:\data\2p_shifted\Cx\2024-11-20_00003\suite2p\plane0\r0p7_coact_order_bin_cells\r0p7_coact_order_bin1502_cells.png
Saved E:\data\2p_shifted\Cx\2024-11-20_00003\suite2p\plane0\r0p7_coact_order_bin_cells\r0p7_coact_order_bin1534_cells.png
Saved E:\data\2p_shifted\Cx\2024-11-20_00003\suite2p\plane0\r0p7_coact_order_bin_cells\r0p7_coact_order_bin1552_cells.png
Saved E:\data\2p_shifted\Cx\2024-11-20_00003\suite2p\plane0\r0p7_coact_order_bin_cells\r0p7_coact_order_bin1558_cells.png
Saved E:\data\2p_shifted\Cx\2024-11-20_00003\suite2p\plane0\r0p7_coact_order_bin_cells\r0p7_coact_order_bin1590_cells.png
Saved E:\data\2p_shifted\Cx\2024-11-20_00003\suite2p\plane0\r0p7_coact_order_bin_cells\r0p7_coact_order_bin1618_cells.png
Saved E:\data\2p_shifted\Cx\2024-11-20_00003\suite2p\plane0\r0p7_coact_order_bin_cells\r0p7_coact_order_bin1640_cells.png
Saved E:\data\2p_shifted\Cx\2024-11-20_00003\suite2p\plane0\r0p7_coact_order_bin_cells\r0p7_coact_order_bin1648_cells.png
Saved E:\data\2p_shifted\Cx\2024-11-20_00003\suite2p\plane0\r0p7_coact_order_bin_cells\r0p7_coact_order_bin1650_cells.png
Saved E:\data\2p_shifted\Cx\2024-11-20_00003\suite2p\plane0\r0p7_coact_order_bin_cells\r0p7_coact_order_bin1668_cells.png
Saved E:\data\2p_shifted\Cx\2024-11-20_00003\suite2p\plane0\r0p7_coact_order_bin_cells\r0p7_coact_order_bin1704_cells.png
Saved E:\data\2p_shifted\Cx\2024-11-20_00003\suite2p\plane0\r0p7_coact_order_bin_cells\r0p7_coact_order_bin1714_cells.png
Saved E:\data\2p_shifted\Cx\2024-11-20_00003\suite2p\plane0\r0p7_coact_order_bin_cells\r0p7_coact_order_bin1722_cells.png
Saved E:\data\2p_shifted\Cx\2024-11-20_00003\suite2p\plane0\r0p7_coact_order_bin_cells\r0p7_coact_order_bin1748_cells.png
Saved E:\data\2p_shifted\Cx\2024-11-20_00003\suite2p\plane0\r0p7_coact_order_bin_cells\r0p7_coact_order_bin1766_cells.png
Saved E:\data\2p_shifted\Cx\2024-11-20_00003\suite2p\plane0\r0p7_coact_order_bin_cells\r0p7_coact_order_bin1768_cells.png
Saved E:\data\2p_shifted\Cx\2024-11-20_00003\suite2p\plane0\r0p7_coact_order_bin_cells\r0p7_coact_order_bin1776_cells.png
Saved E:\data\2p_shifted\Cx\2024-11-20_00003\suite2p\plane0\r0p7_coact_order_bin_cells\r0p7_coact_order_bin1790_cells.png
Saved E:\data\2p_shifted\Cx\2024-11-20_00003\suite2p\plane0\r0p7_coact_order_bin_cells\r0p7_coact_order_bin1806_cells.png
Saved E:\data\2p_shifted\Cx\2024-11-20_00003\suite2p\plane0\r0p7_coact_order_bin_cells\r0p7_coact_order_bin1916_cells.png
[CoAct] Saved 38 co-activation order maps.
Saved E:\data\2p_shifted\Cx\2024-11-20_00003\suite2p\plane0\r0p7_spatial_event_rate\r0p7_spatial_event_rate
Saved E:\data\2p_shifted\Cx\2024-11-20_00003\suite2p\plane0\r0p7_spatial_event_rate\r0p7_spatial_event_rate_prob.png
[SpatialHeatmap] Retained 1000 / 4978 ROIs ( score 0.15)
Saved E:\data\2p_shifted\Cx\2024-11-20_00003\suite2p\plane0\r0p7_spatial_event_rate\r0p7_spatial_event_rate_probmasked.png
Saved E:\data\2p_shifted\Cx\2024-11-20_00003\suite2p\plane0\r0p7_spatial_event_rate\r0p7_spatial_event_rate_probmask_cells_only.png
[CoAct] Using 1000 / 4978 ROIs after filter.
Saved E:\data\2p_shifted\Cx\2024-11-20_00003\suite2p\plane0\r0p7_coact_order_bin_cells\r0p7_coact_order_bin0022_cells.png
Saved E:\data\2p_shifted\Cx\2024-11-20_00003\suite2p\plane0\r0p7_coact_order_bin_cells\r0p7_coact_order_bin0092_cells.png
Saved E:\data\2p_shifted\Cx\2024-11-20_00003\suite2p\plane0\r0p7_coact_order_bin_cells\r0p7_coact_order_bin0134_cells.png
Saved E:\data\2p_shifted\Cx\2024-11-20_00003\suite2p\plane0\r0p7_coact_order_bin_cells\r0p7_coact_order_bin0264_cells.png
Saved E:\data\2p_shifted\Cx\2024-11-20_00003\suite2p\plane0\r0p7_coact_order_bin_cells\r0p7_coact_order_bin0276_cells.png
Saved E:\data\2p_shifted\Cx\2024-11-20_00003\suite2p\plane0\r0p7_coact_order_bin_cells\r0p7_coact_order_bin0458_cells.png
Saved E:\data\2p_shifted\Cx\2024-11-20_00003\suite2p\plane0\r0p7_coact_order_bin_cells\r0p7_coact_order_bin0602_cells.png
Saved E:\data\2p_shifted\Cx\2024-11-20_00003\suite2p\plane0\r0p7_coact_order_bin_cells\r0p7_coact_order_bin0610_cells.png
Saved E:\data\2p_shifted\Cx\2024-11-20_00003\suite2p\plane0\r0p7_coact_order_bin_cells\r0p7_coact_order_bin0946_cells.png
Saved E:\data\2p_shifted\Cx\2024-11-20_00003\suite2p\plane0\r0p7_coact_order_bin_cells\r0p7_coact_order_bin0952_cells.png
Saved E:\data\2p_shifted\Cx\2024-11-20_00003\suite2p\plane0\r0p7_coact_order_bin_cells\r0p7_coact_order_bin0960_cells.png
Saved E:\data\2p_shifted\Cx\2024-11-20_00003\suite2p\plane0\r0p7_coact_order_bin_cells\r0p7_coact_order_bin1008_cells.png
Saved E:\data\2p_shifted\Cx\2024-11-20_00003\suite2p\plane0\r0p7_coact_order_bin_cells\r0p7_coact_order_bin1388_cells.png
Saved E:\data\2p_shifted\Cx\2024-11-20_00003\suite2p\plane0\r0p7_coact_order_bin_cells\r0p7_coact_order_bin1414_cells.png
Saved E:\data\2p_shifted\Cx\2024-11-20_00003\suite2p\plane0\r0p7_coact_order_bin_cells\r0p7_coact_order_bin1420_cells.png
Saved E:\data\2p_shifted\Cx\2024-11-20_00003\suite2p\plane0\r0p7_coact_order_bin_cells\r0p7_coact_order_bin1442_cells.png
Saved E:\data\2p_shifted\Cx\2024-11-20_00003\suite2p\plane0\r0p7_coact_order_bin_cells\r0p7_coact_order_bin1488_cells.png
Saved E:\data\2p_shifted\Cx\2024-11-20_00003\suite2p\plane0\r0p7_coact_order_bin_cells\r0p7_coact_order_bin1492_cells.png
Saved E:\data\2p_shifted\Cx\2024-11-20_00003\suite2p\plane0\r0p7_coact_order_bin_cells\r0p7_coact_order_bin1502_cells.png
Saved E:\data\2p_shifted\Cx\2024-11-20_00003\suite2p\plane0\r0p7_coact_order_bin_cells\r0p7_coact_order_bin1534_cells.png
Saved E:\data\2p_shifted\Cx\2024-11-20_00003\suite2p\plane0\r0p7_coact_order_bin_cells\r0p7_coact_order_bin1552_cells.png
Saved E:\data\2p_shifted\Cx\2024-11-20_00003\suite2p\plane0\r0p7_coact_order_bin_cells\r0p7_coact_order_bin1558_cells.png
Saved E:\data\2p_shifted\Cx\2024-11-20_00003\suite2p\plane0\r0p7_coact_order_bin_cells\r0p7_coact_order_bin1590_cells.png
Saved E:\data\2p_shifted\Cx\2024-11-20_00003\suite2p\plane0\r0p7_coact_order_bin_cells\r0p7_coact_order_bin1618_cells.png
Saved E:\data\2p_shifted\Cx\2024-11-20_00003\suite2p\plane0\r0p7_coact_order_bin_cells\r0p7_coact_order_bin1640_cells.png
Saved E:\data\2p_shifted\Cx\2024-11-20_00003\suite2p\plane0\r0p7_coact_order_bin_cells\r0p7_coact_order_bin1648_cells.png
Saved E:\data\2p_shifted\Cx\2024-11-20_00003\suite2p\plane0\r0p7_coact_order_bin_cells\r0p7_coact_order_bin1650_cells.png
Saved E:\data\2p_shifted\Cx\2024-11-20_00003\suite2p\plane0\r0p7_coact_order_bin_cells\r0p7_coact_order_bin1668_cells.png
Saved E:\data\2p_shifted\Cx\2024-11-20_00003\suite2p\plane0\r0p7_coact_order_bin_cells\r0p7_coact_order_bin1704_cells.png
Saved E:\data\2p_shifted\Cx\2024-11-20_00003\suite2p\plane0\r0p7_coact_order_bin_cells\r0p7_coact_order_bin1714_cells.png
Saved E:\data\2p_shifted\Cx\2024-11-20_00003\suite2p\plane0\r0p7_coact_order_bin_cells\r0p7_coact_order_bin1722_cells.png
Saved E:\data\2p_shifted\Cx\2024-11-20_00003\suite2p\plane0\r0p7_coact_order_bin_cells\r0p7_coact_order_bin1748_cells.png
Saved E:\data\2p_shifted\Cx\2024-11-20_00003\suite2p\plane0\r0p7_coact_order_bin_cells\r0p7_coact_order_bin1766_cells.png
Saved E:\data\2p_shifted\Cx\2024-11-20_00003\suite2p\plane0\r0p7_coact_order_bin_cells\r0p7_coact_order_bin1768_cells.png
Saved E:\data\2p_shifted\Cx\2024-11-20_00003\suite2p\plane0\r0p7_coact_order_bin_cells\r0p7_coact_order_bin1776_cells.png
Saved E:\data\2p_shifted\Cx\2024-11-20_00003\suite2p\plane0\r0p7_coact_order_bin_cells\r0p7_coact_order_bin1790_cells.png
Saved E:\data\2p_shifted\Cx\2024-11-20_00003\suite2p\plane0\r0p7_coact_order_bin_cells\r0p7_coact_order_bin1806_cells.png
Saved E:\data\2p_shifted\Cx\2024-11-20_00003\suite2p\plane0\r0p7_coact_order_bin_cells\r0p7_coact_order_bin1916_cells.png
[CoAct] Saved 38 co-activation order maps.
Saved E:\data\2p_shifted\Cx\2024-11-20_00003\suite2p\plane0\r0p7_spatial_event_rate\r0p7_spatial_event_rate
Saved E:\data\2p_shifted\Cx\2024-11-20_00003\suite2p\plane0\r0p7_spatial_event_rate\r0p7_spatial_event_rate_prob.png
[SpatialHeatmap] Retained 1000 / 4978 ROIs ( score 0.15)
Saved E:\data\2p_shifted\Cx\2024-11-20_00003\suite2p\plane0\r0p7_spatial_event_rate\r0p7_spatial_event_rate_probmasked.png
Saved E:\data\2p_shifted\Cx\2024-11-20_00003\suite2p\plane0\r0p7_spatial_event_rate\r0p7_spatial_event_rate_probmask_cells_only.png
[CoAct] Using 1000 / 4978 ROIs after filter.
Saved E:\data\2p_shifted\Cx\2024-11-20_00003\suite2p\plane0\r0p7_coact_order_bin_cells\r0p7_coact_order_bin0022_cells.png
Saved E:\data\2p_shifted\Cx\2024-11-20_00003\suite2p\plane0\r0p7_coact_order_bin_cells\r0p7_coact_order_bin0092_cells.png
Saved E:\data\2p_shifted\Cx\2024-11-20_00003\suite2p\plane0\r0p7_coact_order_bin_cells\r0p7_coact_order_bin0134_cells.png
Saved E:\data\2p_shifted\Cx\2024-11-20_00003\suite2p\plane0\r0p7_coact_order_bin_cells\r0p7_coact_order_bin0264_cells.png
Saved E:\data\2p_shifted\Cx\2024-11-20_00003\suite2p\plane0\r0p7_coact_order_bin_cells\r0p7_coact_order_bin0276_cells.png
Saved E:\data\2p_shifted\Cx\2024-11-20_00003\suite2p\plane0\r0p7_coact_order_bin_cells\r0p7_coact_order_bin0458_cells.png
Saved E:\data\2p_shifted\Cx\2024-11-20_00003\suite2p\plane0\r0p7_coact_order_bin_cells\r0p7_coact_order_bin0602_cells.png
Saved E:\data\2p_shifted\Cx\2024-11-20_00003\suite2p\plane0\r0p7_coact_order_bin_cells\r0p7_coact_order_bin0610_cells.png
Saved E:\data\2p_shifted\Cx\2024-11-20_00003\suite2p\plane0\r0p7_coact_order_bin_cells\r0p7_coact_order_bin0946_cells.png
Saved E:\data\2p_shifted\Cx\2024-11-20_00003\suite2p\plane0\r0p7_coact_order_bin_cells\r0p7_coact_order_bin0952_cells.png
Saved E:\data\2p_shifted\Cx\2024-11-20_00003\suite2p\plane0\r0p7_coact_order_bin_cells\r0p7_coact_order_bin0960_cells.png
Saved E:\data\2p_shifted\Cx\2024-11-20_00003\suite2p\plane0\r0p7_coact_order_bin_cells\r0p7_coact_order_bin1008_cells.png
Saved E:\data\2p_shifted\Cx\2024-11-20_00003\suite2p\plane0\r0p7_coact_order_bin_cells\r0p7_coact_order_bin1388_cells.png
Saved E:\data\2p_shifted\Cx\2024-11-20_00003\suite2p\plane0\r0p7_coact_order_bin_cells\r0p7_coact_order_bin1414_cells.png
Saved E:\data\2p_shifted\Cx\2024-11-20_00003\suite2p\plane0\r0p7_coact_order_bin_cells\r0p7_coact_order_bin1420_cells.png
Saved E:\data\2p_shifted\Cx\2024-11-20_00003\suite2p\plane0\r0p7_coact_order_bin_cells\r0p7_coact_order_bin1442_cells.png
Saved E:\data\2p_shifted\Cx\2024-11-20_00003\suite2p\plane0\r0p7_coact_order_bin_cells\r0p7_coact_order_bin1488_cells.png
Saved E:\data\2p_shifted\Cx\2024-11-20_00003\suite2p\plane0\r0p7_coact_order_bin_cells\r0p7_coact_order_bin1492_cells.png
Saved E:\data\2p_shifted\Cx\2024-11-20_00003\suite2p\plane0\r0p7_coact_order_bin_cells\r0p7_coact_order_bin1502_cells.png
Saved E:\data\2p_shifted\Cx\2024-11-20_00003\suite2p\plane0\r0p7_coact_order_bin_cells\r0p7_coact_order_bin1534_cells.png
Saved E:\data\2p_shifted\Cx\2024-11-20_00003\suite2p\plane0\r0p7_coact_order_bin_cells\r0p7_coact_order_bin1552_cells.png
Saved E:\data\2p_shifted\Cx\2024-11-20_00003\suite2p\plane0\r0p7_coact_order_bin_cells\r0p7_coact_order_bin1558_cells.png
Saved E:\data\2p_shifted\Cx\2024-11-20_00003\suite2p\plane0\r0p7_coact_order_bin_cells\r0p7_coact_order_bin1590_cells.png
Saved E:\data\2p_shifted\Cx\2024-11-20_00003\suite2p\plane0\r0p7_coact_order_bin_cells\r0p7_coact_order_bin1618_cells.png
Saved E:\data\2p_shifted\Cx\2024-11-20_00003\suite2p\plane0\r0p7_coact_order_bin_cells\r0p7_coact_order_bin1640_cells.png
Saved E:\data\2p_shifted\Cx\2024-11-20_00003\suite2p\plane0\r0p7_coact_order_bin_cells\r0p7_coact_order_bin1648_cells.png
Saved E:\data\2p_shifted\Cx\2024-11-20_00003\suite2p\plane0\r0p7_coact_order_bin_cells\r0p7_coact_order_bin1650_cells.png
Saved E:\data\2p_shifted\Cx\2024-11-20_00003\suite2p\plane0\r0p7_coact_order_bin_cells\r0p7_coact_order_bin1668_cells.png
Saved E:\data\2p_shifted\Cx\2024-11-20_00003\suite2p\plane0\r0p7_coact_order_bin_cells\r0p7_coact_order_bin1704_cells.png
Saved E:\data\2p_shifted\Cx\2024-11-20_00003\suite2p\plane0\r0p7_coact_order_bin_cells\r0p7_coact_order_bin1714_cells.png
Saved E:\data\2p_shifted\Cx\2024-11-20_00003\suite2p\plane0\r0p7_coact_order_bin_cells\r0p7_coact_order_bin1722_cells.png
Saved E:\data\2p_shifted\Cx\2024-11-20_00003\suite2p\plane0\r0p7_coact_order_bin_cells\r0p7_coact_order_bin1748_cells.png
Saved E:\data\2p_shifted\Cx\2024-11-20_00003\suite2p\plane0\r0p7_coact_order_bin_cells\r0p7_coact_order_bin1766_cells.png
Saved E:\data\2p_shifted\Cx\2024-11-20_00003\suite2p\plane0\r0p7_coact_order_bin_cells\r0p7_coact_order_bin1768_cells.png
Saved E:\data\2p_shifted\Cx\2024-11-20_00003\suite2p\plane0\r0p7_coact_order_bin_cells\r0p7_coact_order_bin1776_cells.png
Saved E:\data\2p_shifted\Cx\2024-11-20_00003\suite2p\plane0\r0p7_coact_order_bin_cells\r0p7_coact_order_bin1790_cells.png
Saved E:\data\2p_shifted\Cx\2024-11-20_00003\suite2p\plane0\r0p7_coact_order_bin_cells\r0p7_coact_order_bin1806_cells.png
Saved E:\data\2p_shifted\Cx\2024-11-20_00003\suite2p\plane0\r0p7_coact_order_bin_cells\r0p7_coact_order_bin1916_cells.png
[CoAct] Saved 38 co-activation order maps.
Saved E:\data\2p_shifted\Cx\2024-11-20_00003\suite2p\plane0\r0p7_spatial_event_rate\r0p7_spatial_event_rate
Saved E:\data\2p_shifted\Cx\2024-11-20_00003\suite2p\plane0\r0p7_spatial_event_rate\r0p7_spatial_event_rate_prob.png
[SpatialHeatmap] Retained 1000 / 4978 ROIs ( score 0.15)
Saved E:\data\2p_shifted\Cx\2024-11-20_00003\suite2p\plane0\r0p7_spatial_event_rate\r0p7_spatial_event_rate_probmasked.png
Saved E:\data\2p_shifted\Cx\2024-11-20_00003\suite2p\plane0\r0p7_spatial_event_rate\r0p7_spatial_event_rate_probmask_cells_only.png
[CoAct] Using 1000 / 4978 ROIs after filter.
Saved E:\data\2p_shifted\Cx\2024-11-20_00003\suite2p\plane0\r0p7_coact_order_bin_cells\r0p7_coact_order_bin0022_cells.png
Saved E:\data\2p_shifted\Cx\2024-11-20_00003\suite2p\plane0\r0p7_coact_order_bin_cells\r0p7_coact_order_bin0092_cells.png
Saved E:\data\2p_shifted\Cx\2024-11-20_00003\suite2p\plane0\r0p7_coact_order_bin_cells\r0p7_coact_order_bin0134_cells.png
Saved E:\data\2p_shifted\Cx\2024-11-20_00003\suite2p\plane0\r0p7_coact_order_bin_cells\r0p7_coact_order_bin0264_cells.png
Saved E:\data\2p_shifted\Cx\2024-11-20_00003\suite2p\plane0\r0p7_coact_order_bin_cells\r0p7_coact_order_bin0276_cells.png
Saved E:\data\2p_shifted\Cx\2024-11-20_00003\suite2p\plane0\r0p7_coact_order_bin_cells\r0p7_coact_order_bin0458_cells.png
Saved E:\data\2p_shifted\Cx\2024-11-20_00003\suite2p\plane0\r0p7_coact_order_bin_cells\r0p7_coact_order_bin0602_cells.png
Saved E:\data\2p_shifted\Cx\2024-11-20_00003\suite2p\plane0\r0p7_coact_order_bin_cells\r0p7_coact_order_bin0610_cells.png
Saved E:\data\2p_shifted\Cx\2024-11-20_00003\suite2p\plane0\r0p7_coact_order_bin_cells\r0p7_coact_order_bin0946_cells.png
Saved E:\data\2p_shifted\Cx\2024-11-20_00003\suite2p\plane0\r0p7_coact_order_bin_cells\r0p7_coact_order_bin0952_cells.png
Saved E:\data\2p_shifted\Cx\2024-11-20_00003\suite2p\plane0\r0p7_coact_order_bin_cells\r0p7_coact_order_bin0960_cells.png
Saved E:\data\2p_shifted\Cx\2024-11-20_00003\suite2p\plane0\r0p7_coact_order_bin_cells\r0p7_coact_order_bin1008_cells.png
Saved E:\data\2p_shifted\Cx\2024-11-20_00003\suite2p\plane0\r0p7_coact_order_bin_cells\r0p7_coact_order_bin1388_cells.png
Saved E:\data\2p_shifted\Cx\2024-11-20_00003\suite2p\plane0\r0p7_coact_order_bin_cells\r0p7_coact_order_bin1414_cells.png
Saved E:\data\2p_shifted\Cx\2024-11-20_00003\suite2p\plane0\r0p7_coact_order_bin_cells\r0p7_coact_order_bin1420_cells.png
Saved E:\data\2p_shifted\Cx\2024-11-20_00003\suite2p\plane0\r0p7_coact_order_bin_cells\r0p7_coact_order_bin1442_cells.png
Saved E:\data\2p_shifted\Cx\2024-11-20_00003\suite2p\plane0\r0p7_coact_order_bin_cells\r0p7_coact_order_bin1488_cells.png
Saved E:\data\2p_shifted\Cx\2024-11-20_00003\suite2p\plane0\r0p7_coact_order_bin_cells\r0p7_coact_order_bin1492_cells.png
Saved E:\data\2p_shifted\Cx\2024-11-20_00003\suite2p\plane0\r0p7_coact_order_bin_cells\r0p7_coact_order_bin1502_cells.png
Saved E:\data\2p_shifted\Cx\2024-11-20_00003\suite2p\plane0\r0p7_coact_order_bin_cells\r0p7_coact_order_bin1534_cells.png
Saved E:\data\2p_shifted\Cx\2024-11-20_00003\suite2p\plane0\r0p7_coact_order_bin_cells\r0p7_coact_order_bin1552_cells.png
Saved E:\data\2p_shifted\Cx\2024-11-20_00003\suite2p\plane0\r0p7_coact_order_bin_cells\r0p7_coact_order_bin1558_cells.png
Saved E:\data\2p_shifted\Cx\2024-11-20_00003\suite2p\plane0\r0p7_coact_order_bin_cells\r0p7_coact_order_bin1590_cells.png
Saved E:\data\2p_shifted\Cx\2024-11-20_00003\suite2p\plane0\r0p7_coact_order_bin_cells\r0p7_coact_order_bin1618_cells.png
Saved E:\data\2p_shifted\Cx\2024-11-20_00003\suite2p\plane0\r0p7_coact_order_bin_cells\r0p7_coact_order_bin1640_cells.png
Saved E:\data\2p_shifted\Cx\2024-11-20_00003\suite2p\plane0\r0p7_coact_order_bin_cells\r0p7_coact_order_bin1648_cells.png
Saved E:\data\2p_shifted\Cx\2024-11-20_00003\suite2p\plane0\r0p7_coact_order_bin_cells\r0p7_coact_order_bin1650_cells.png
Saved E:\data\2p_shifted\Cx\2024-11-20_00003\suite2p\plane0\r0p7_coact_order_bin_cells\r0p7_coact_order_bin1668_cells.png
Saved E:\data\2p_shifted\Cx\2024-11-20_00003\suite2p\plane0\r0p7_coact_order_bin_cells\r0p7_coact_order_bin1704_cells.png
Saved E:\data\2p_shifted\Cx\2024-11-20_00003\suite2p\plane0\r0p7_coact_order_bin_cells\r0p7_coact_order_bin1714_cells.png
Saved E:\data\2p_shifted\Cx\2024-11-20_00003\suite2p\plane0\r0p7_coact_order_bin_cells\r0p7_coact_order_bin1722_cells.png
Saved E:\data\2p_shifted\Cx\2024-11-20_00003\suite2p\plane0\r0p7_coact_order_bin_cells\r0p7_coact_order_bin1748_cells.png
Saved E:\data\2p_shifted\Cx\2024-11-20_00003\suite2p\plane0\r0p7_coact_order_bin_cells\r0p7_coact_order_bin1766_cells.png
Saved E:\data\2p_shifted\Cx\2024-11-20_00003\suite2p\plane0\r0p7_coact_order_bin_cells\r0p7_coact_order_bin1768_cells.png
Saved E:\data\2p_shifted\Cx\2024-11-20_00003\suite2p\plane0\r0p7_coact_order_bin_cells\r0p7_coact_order_bin1776_cells.png
Saved E:\data\2p_shifted\Cx\2024-11-20_00003\suite2p\plane0\r0p7_coact_order_bin_cells\r0p7_coact_order_bin1790_cells.png
Saved E:\data\2p_shifted\Cx\2024-11-20_00003\suite2p\plane0\r0p7_coact_order_bin_cells\r0p7_coact_order_bin1806_cells.png
Saved E:\data\2p_shifted\Cx\2024-11-20_00003\suite2p\plane0\r0p7_coact_order_bin_cells\r0p7_coact_order_bin1916_cells.png
[CoAct] Saved 38 co-activation order maps.
Saved E:\data\2p_shifted\Cx\2024-11-20_00003\suite2p\plane0\r0p7_spatial_event_rate\r0p7_spatial_event_rate
Saved E:\data\2p_shifted\Cx\2024-11-20_00003\suite2p\plane0\r0p7_spatial_event_rate\r0p7_spatial_event_rate_prob.png
[SpatialHeatmap] Retained 3052 / 4978 ROIs ( score 0.15)
Saved E:\data\2p_shifted\Cx\2024-11-20_00003\suite2p\plane0\r0p7_spatial_event_rate\r0p7_spatial_event_rate_probmasked.png
Saved E:\data\2p_shifted\Cx\2024-11-20_00003\suite2p\plane0\r0p7_spatial_event_rate\r0p7_spatial_event_rate_probmask_cells_only.png
[CoAct] Using 3052 / 4978 ROIs after filter.
Saved E:\data\2p_shifted\Cx\2024-11-20_00003\suite2p\plane0\r0p7_coact_order_bin_cells\r0p7_coact_order_bin0068_cells.png
Saved E:\data\2p_shifted\Cx\2024-11-20_00003\suite2p\plane0\r0p7_coact_order_bin_cells\r0p7_coact_order_bin0322_cells.png
Saved E:\data\2p_shifted\Cx\2024-11-20_00003\suite2p\plane0\r0p7_coact_order_bin_cells\r0p7_coact_order_bin0934_cells.png
Saved E:\data\2p_shifted\Cx\2024-11-20_00003\suite2p\plane0\r0p7_coact_order_bin_cells\r0p7_coact_order_bin0952_cells.png
Saved E:\data\2p_shifted\Cx\2024-11-20_00003\suite2p\plane0\r0p7_coact_order_bin_cells\r0p7_coact_order_bin1488_cells.png
Saved E:\data\2p_shifted\Cx\2024-11-20_00003\suite2p\plane0\r0p7_coact_order_bin_cells\r0p7_coact_order_bin1500_cells.png
Saved E:\data\2p_shifted\Cx\2024-11-20_00003\suite2p\plane0\r0p7_coact_order_bin_cells\r0p7_coact_order_bin1502_cells.png
Saved E:\data\2p_shifted\Cx\2024-11-20_00003\suite2p\plane0\r0p7_coact_order_bin_cells\r0p7_coact_order_bin1526_cells.png
Saved E:\data\2p_shifted\Cx\2024-11-20_00003\suite2p\plane0\r0p7_coact_order_bin_cells\r0p7_coact_order_bin1534_cells.png
Saved E:\data\2p_shifted\Cx\2024-11-20_00003\suite2p\plane0\r0p7_coact_order_bin_cells\r0p7_coact_order_bin1544_cells.png
Saved E:\data\2p_shifted\Cx\2024-11-20_00003\suite2p\plane0\r0p7_coact_order_bin_cells\r0p7_coact_order_bin1558_cells.png
Saved E:\data\2p_shifted\Cx\2024-11-20_00003\suite2p\plane0\r0p7_coact_order_bin_cells\r0p7_coact_order_bin1568_cells.png
Saved E:\data\2p_shifted\Cx\2024-11-20_00003\suite2p\plane0\r0p7_coact_order_bin_cells\r0p7_coact_order_bin1574_cells.png
Saved E:\data\2p_shifted\Cx\2024-11-20_00003\suite2p\plane0\r0p7_coact_order_bin_cells\r0p7_coact_order_bin1590_cells.png
Saved E:\data\2p_shifted\Cx\2024-11-20_00003\suite2p\plane0\r0p7_coact_order_bin_cells\r0p7_coact_order_bin1600_cells.png
Saved E:\data\2p_shifted\Cx\2024-11-20_00003\suite2p\plane0\r0p7_coact_order_bin_cells\r0p7_coact_order_bin1610_cells.png
Saved E:\data\2p_shifted\Cx\2024-11-20_00003\suite2p\plane0\r0p7_coact_order_bin_cells\r0p7_coact_order_bin1612_cells.png
Saved E:\data\2p_shifted\Cx\2024-11-20_00003\suite2p\plane0\r0p7_coact_order_bin_cells\r0p7_coact_order_bin1648_cells.png
Saved E:\data\2p_shifted\Cx\2024-11-20_00003\suite2p\plane0\r0p7_coact_order_bin_cells\r0p7_coact_order_bin1650_cells.png
Saved E:\data\2p_shifted\Cx\2024-11-20_00003\suite2p\plane0\r0p7_coact_order_bin_cells\r0p7_coact_order_bin1668_cells.png
Saved E:\data\2p_shifted\Cx\2024-11-20_00003\suite2p\plane0\r0p7_coact_order_bin_cells\r0p7_coact_order_bin1676_cells.png
Saved E:\data\2p_shifted\Cx\2024-11-20_00003\suite2p\plane0\r0p7_coact_order_bin_cells\r0p7_coact_order_bin1688_cells.png
Saved E:\data\2p_shifted\Cx\2024-11-20_00003\suite2p\plane0\r0p7_coact_order_bin_cells\r0p7_coact_order_bin1710_cells.png
Saved E:\data\2p_shifted\Cx\2024-11-20_00003\suite2p\plane0\r0p7_coact_order_bin_cells\r0p7_coact_order_bin1714_cells.png
Saved E:\data\2p_shifted\Cx\2024-11-20_00003\suite2p\plane0\r0p7_coact_order_bin_cells\r0p7_coact_order_bin1716_cells.png
Saved E:\data\2p_shifted\Cx\2024-11-20_00003\suite2p\plane0\r0p7_coact_order_bin_cells\r0p7_coact_order_bin1722_cells.png
Saved E:\data\2p_shifted\Cx\2024-11-20_00003\suite2p\plane0\r0p7_coact_order_bin_cells\r0p7_coact_order_bin1736_cells.png
Saved E:\data\2p_shifted\Cx\2024-11-20_00003\suite2p\plane0\r0p7_coact_order_bin_cells\r0p7_coact_order_bin1776_cells.png
[CoAct] Saved 28 co-activation order maps.
Saved E:\data\2p_shifted\Cx\2024-11-20_00003\suite2p\plane0\r0p7_spatial_event_rate\r0p7_spatial_event_rate
Saved E:\data\2p_shifted\Cx\2024-11-20_00003\suite2p\plane0\r0p7_spatial_event_rate\r0p7_spatial_event_rate_prob.png
[SpatialHeatmap] Retained 3052 / 4978 ROIs ( score 0.15)
Saved E:\data\2p_shifted\Cx\2024-11-20_00003\suite2p\plane0\r0p7_spatial_event_rate\r0p7_spatial_event_rate_probmasked.png
Saved E:\data\2p_shifted\Cx\2024-11-20_00003\suite2p\plane0\r0p7_spatial_event_rate\r0p7_spatial_event_rate_probmask_cells_only.png
[CoAct] Using 3052 / 4978 ROIs after filter.
Saved E:\data\2p_shifted\Cx\2024-11-20_00003\suite2p\plane0\r0p7_coact_order_bin_cells\r0p7_coact_order_bin0068_cells.png
Saved E:\data\2p_shifted\Cx\2024-11-20_00003\suite2p\plane0\r0p7_coact_order_bin_cells\r0p7_coact_order_bin0322_cells.png
Saved E:\data\2p_shifted\Cx\2024-11-20_00003\suite2p\plane0\r0p7_coact_order_bin_cells\r0p7_coact_order_bin0934_cells.png
Saved E:\data\2p_shifted\Cx\2024-11-20_00003\suite2p\plane0\r0p7_coact_order_bin_cells\r0p7_coact_order_bin0952_cells.png
Saved E:\data\2p_shifted\Cx\2024-11-20_00003\suite2p\plane0\r0p7_coact_order_bin_cells\r0p7_coact_order_bin1488_cells.png
Saved E:\data\2p_shifted\Cx\2024-11-20_00003\suite2p\plane0\r0p7_coact_order_bin_cells\r0p7_coact_order_bin1500_cells.png
Saved E:\data\2p_shifted\Cx\2024-11-20_00003\suite2p\plane0\r0p7_coact_order_bin_cells\r0p7_coact_order_bin1502_cells.png
Saved E:\data\2p_shifted\Cx\2024-11-20_00003\suite2p\plane0\r0p7_coact_order_bin_cells\r0p7_coact_order_bin1526_cells.png
Saved E:\data\2p_shifted\Cx\2024-11-20_00003\suite2p\plane0\r0p7_coact_order_bin_cells\r0p7_coact_order_bin1534_cells.png
Saved E:\data\2p_shifted\Cx\2024-11-20_00003\suite2p\plane0\r0p7_coact_order_bin_cells\r0p7_coact_order_bin1544_cells.png
Saved E:\data\2p_shifted\Cx\2024-11-20_00003\suite2p\plane0\r0p7_coact_order_bin_cells\r0p7_coact_order_bin1558_cells.png
Saved E:\data\2p_shifted\Cx\2024-11-20_00003\suite2p\plane0\r0p7_coact_order_bin_cells\r0p7_coact_order_bin1568_cells.png
Saved E:\data\2p_shifted\Cx\2024-11-20_00003\suite2p\plane0\r0p7_coact_order_bin_cells\r0p7_coact_order_bin1574_cells.png
Saved E:\data\2p_shifted\Cx\2024-11-20_00003\suite2p\plane0\r0p7_coact_order_bin_cells\r0p7_coact_order_bin1590_cells.png
Saved E:\data\2p_shifted\Cx\2024-11-20_00003\suite2p\plane0\r0p7_coact_order_bin_cells\r0p7_coact_order_bin1600_cells.png
Saved E:\data\2p_shifted\Cx\2024-11-20_00003\suite2p\plane0\r0p7_coact_order_bin_cells\r0p7_coact_order_bin1610_cells.png
Saved E:\data\2p_shifted\Cx\2024-11-20_00003\suite2p\plane0\r0p7_coact_order_bin_cells\r0p7_coact_order_bin1612_cells.png
Saved E:\data\2p_shifted\Cx\2024-11-20_00003\suite2p\plane0\r0p7_coact_order_bin_cells\r0p7_coact_order_bin1648_cells.png
Saved E:\data\2p_shifted\Cx\2024-11-20_00003\suite2p\plane0\r0p7_coact_order_bin_cells\r0p7_coact_order_bin1650_cells.png
Saved E:\data\2p_shifted\Cx\2024-11-20_00003\suite2p\plane0\r0p7_coact_order_bin_cells\r0p7_coact_order_bin1668_cells.png
Saved E:\data\2p_shifted\Cx\2024-11-20_00003\suite2p\plane0\r0p7_coact_order_bin_cells\r0p7_coact_order_bin1676_cells.png
Saved E:\data\2p_shifted\Cx\2024-11-20_00003\suite2p\plane0\r0p7_coact_order_bin_cells\r0p7_coact_order_bin1688_cells.png
Saved E:\data\2p_shifted\Cx\2024-11-20_00003\suite2p\plane0\r0p7_coact_order_bin_cells\r0p7_coact_order_bin1710_cells.png
Saved E:\data\2p_shifted\Cx\2024-11-20_00003\suite2p\plane0\r0p7_coact_order_bin_cells\r0p7_coact_order_bin1714_cells.png
Saved E:\data\2p_shifted\Cx\2024-11-20_00003\suite2p\plane0\r0p7_coact_order_bin_cells\r0p7_coact_order_bin1716_cells.png
Saved E:\data\2p_shifted\Cx\2024-11-20_00003\suite2p\plane0\r0p7_coact_order_bin_cells\r0p7_coact_order_bin1722_cells.png
Saved E:\data\2p_shifted\Cx\2024-11-20_00003\suite2p\plane0\r0p7_coact_order_bin_cells\r0p7_coact_order_bin1736_cells.png
Saved E:\data\2p_shifted\Cx\2024-11-20_00003\suite2p\plane0\r0p7_coact_order_bin_cells\r0p7_coact_order_bin1776_cells.png
[CoAct] Saved 28 co-activation order maps.
Saved E:\data\2p_shifted\Cx\2024-11-20_00003\suite2p\plane0\r0p7_spatial_event_rate\r0p7_spatial_event_rate
Saved E:\data\2p_shifted\Cx\2024-11-20_00003\suite2p\plane0\r0p7_spatial_event_rate\r0p7_spatial_event_rate_prob.png
[SpatialHeatmap] Retained 3052 / 4978 ROIs ( score 0.15)
Saved E:\data\2p_shifted\Cx\2024-11-20_00003\suite2p\plane0\r0p7_spatial_event_rate\r0p7_spatial_event_rate_probmasked.png
Saved E:\data\2p_shifted\Cx\2024-11-20_00003\suite2p\plane0\r0p7_spatial_event_rate\r0p7_spatial_event_rate_probmask_cells_only.png
[CoAct] Using 3052 / 4978 ROIs after filter.
Saved E:\data\2p_shifted\Cx\2024-11-20_00003\suite2p\plane0\r0p7_coact_order_bin_cells\r0p7_coact_order_bin0068_cells.png
Saved E:\data\2p_shifted\Cx\2024-11-20_00003\suite2p\plane0\r0p7_coact_order_bin_cells\r0p7_coact_order_bin0322_cells.png
Saved E:\data\2p_shifted\Cx\2024-11-20_00003\suite2p\plane0\r0p7_coact_order_bin_cells\r0p7_coact_order_bin0934_cells.png
Saved E:\data\2p_shifted\Cx\2024-11-20_00003\suite2p\plane0\r0p7_coact_order_bin_cells\r0p7_coact_order_bin0952_cells.png
Saved E:\data\2p_shifted\Cx\2024-11-20_00003\suite2p\plane0\r0p7_coact_order_bin_cells\r0p7_coact_order_bin1488_cells.png
Saved E:\data\2p_shifted\Cx\2024-11-20_00003\suite2p\plane0\r0p7_coact_order_bin_cells\r0p7_coact_order_bin1500_cells.png
Saved E:\data\2p_shifted\Cx\2024-11-20_00003\suite2p\plane0\r0p7_coact_order_bin_cells\r0p7_coact_order_bin1502_cells.png
Saved E:\data\2p_shifted\Cx\2024-11-20_00003\suite2p\plane0\r0p7_coact_order_bin_cells\r0p7_coact_order_bin1526_cells.png
Saved E:\data\2p_shifted\Cx\2024-11-20_00003\suite2p\plane0\r0p7_coact_order_bin_cells\r0p7_coact_order_bin1534_cells.png
Saved E:\data\2p_shifted\Cx\2024-11-20_00003\suite2p\plane0\r0p7_coact_order_bin_cells\r0p7_coact_order_bin1544_cells.png
Saved E:\data\2p_shifted\Cx\2024-11-20_00003\suite2p\plane0\r0p7_coact_order_bin_cells\r0p7_coact_order_bin1558_cells.png
Saved E:\data\2p_shifted\Cx\2024-11-20_00003\suite2p\plane0\r0p7_coact_order_bin_cells\r0p7_coact_order_bin1568_cells.png
Saved E:\data\2p_shifted\Cx\2024-11-20_00003\suite2p\plane0\r0p7_coact_order_bin_cells\r0p7_coact_order_bin1574_cells.png
Saved E:\data\2p_shifted\Cx\2024-11-20_00003\suite2p\plane0\r0p7_coact_order_bin_cells\r0p7_coact_order_bin1590_cells.png
Saved E:\data\2p_shifted\Cx\2024-11-20_00003\suite2p\plane0\r0p7_coact_order_bin_cells\r0p7_coact_order_bin1600_cells.png
Saved E:\data\2p_shifted\Cx\2024-11-20_00003\suite2p\plane0\r0p7_coact_order_bin_cells\r0p7_coact_order_bin1610_cells.png
Saved E:\data\2p_shifted\Cx\2024-11-20_00003\suite2p\plane0\r0p7_coact_order_bin_cells\r0p7_coact_order_bin1612_cells.png
Saved E:\data\2p_shifted\Cx\2024-11-20_00003\suite2p\plane0\r0p7_coact_order_bin_cells\r0p7_coact_order_bin1648_cells.png
Saved E:\data\2p_shifted\Cx\2024-11-20_00003\suite2p\plane0\r0p7_coact_order_bin_cells\r0p7_coact_order_bin1650_cells.png
Saved E:\data\2p_shifted\Cx\2024-11-20_00003\suite2p\plane0\r0p7_coact_order_bin_cells\r0p7_coact_order_bin1668_cells.png
Saved E:\data\2p_shifted\Cx\2024-11-20_00003\suite2p\plane0\r0p7_coact_order_bin_cells\r0p7_coact_order_bin1676_cells.png
Saved E:\data\2p_shifted\Cx\2024-11-20_00003\suite2p\plane0\r0p7_coact_order_bin_cells\r0p7_coact_order_bin1688_cells.png
Saved E:\data\2p_shifted\Cx\2024-11-20_00003\suite2p\plane0\r0p7_coact_order_bin_cells\r0p7_coact_order_bin1710_cells.png
Saved E:\data\2p_shifted\Cx\2024-11-20_00003\suite2p\plane0\r0p7_coact_order_bin_cells\r0p7_coact_order_bin1714_cells.png
Saved E:\data\2p_shifted\Cx\2024-11-20_00003\suite2p\plane0\r0p7_coact_order_bin_cells\r0p7_coact_order_bin1716_cells.png
Saved E:\data\2p_shifted\Cx\2024-11-20_00003\suite2p\plane0\r0p7_coact_order_bin_cells\r0p7_coact_order_bin1722_cells.png
Saved E:\data\2p_shifted\Cx\2024-11-20_00003\suite2p\plane0\r0p7_coact_order_bin_cells\r0p7_coact_order_bin1736_cells.png
Saved E:\data\2p_shifted\Cx\2024-11-20_00003\suite2p\plane0\r0p7_coact_order_bin_cells\r0p7_coact_order_bin1776_cells.png
[CoAct] Saved 28 co-activation order maps.
Saved E:\data\2p_shifted\Cx\2024-11-20_00003\suite2p\plane0\r0p7_spatial_event_rate\r0p7_spatial_event_rate
Saved E:\data\2p_shifted\Cx\2024-11-20_00003\suite2p\plane0\r0p7_spatial_event_rate\r0p7_spatial_event_rate_prob.png
[SpatialHeatmap] Retained 3052 / 4978 ROIs ( score 0.15)
Saved E:\data\2p_shifted\Cx\2024-11-20_00003\suite2p\plane0\r0p7_spatial_event_rate\r0p7_spatial_event_rate_probmasked.png
Saved E:\data\2p_shifted\Cx\2024-11-20_00003\suite2p\plane0\r0p7_spatial_event_rate\r0p7_spatial_event_rate_probmask_cells_only.png
[CoAct] Using 3052 / 4978 ROIs after filter.
Saved E:\data\2p_shifted\Cx\2024-11-20_00003\suite2p\plane0\r0p7_coact_order_bin_cells\r0p7_coact_order_bin0068_cells.png
Saved E:\data\2p_shifted\Cx\2024-11-20_00003\suite2p\plane0\r0p7_coact_order_bin_cells\r0p7_coact_order_bin0322_cells.png
Saved E:\data\2p_shifted\Cx\2024-11-20_00003\suite2p\plane0\r0p7_coact_order_bin_cells\r0p7_coact_order_bin0934_cells.png
Saved E:\data\2p_shifted\Cx\2024-11-20_00003\suite2p\plane0\r0p7_coact_order_bin_cells\r0p7_coact_order_bin0952_cells.png
Saved E:\data\2p_shifted\Cx\2024-11-20_00003\suite2p\plane0\r0p7_coact_order_bin_cells\r0p7_coact_order_bin1488_cells.png
Saved E:\data\2p_shifted\Cx\2024-11-20_00003\suite2p\plane0\r0p7_coact_order_bin_cells\r0p7_coact_order_bin1500_cells.png
Saved E:\data\2p_shifted\Cx\2024-11-20_00003\suite2p\plane0\r0p7_coact_order_bin_cells\r0p7_coact_order_bin1502_cells.png
Saved E:\data\2p_shifted\Cx\2024-11-20_00003\suite2p\plane0\r0p7_coact_order_bin_cells\r0p7_coact_order_bin1526_cells.png
Saved E:\data\2p_shifted\Cx\2024-11-20_00003\suite2p\plane0\r0p7_coact_order_bin_cells\r0p7_coact_order_bin1534_cells.png
Saved E:\data\2p_shifted\Cx\2024-11-20_00003\suite2p\plane0\r0p7_coact_order_bin_cells\r0p7_coact_order_bin1544_cells.png
Saved E:\data\2p_shifted\Cx\2024-11-20_00003\suite2p\plane0\r0p7_coact_order_bin_cells\r0p7_coact_order_bin1558_cells.png
Saved E:\data\2p_shifted\Cx\2024-11-20_00003\suite2p\plane0\r0p7_coact_order_bin_cells\r0p7_coact_order_bin1568_cells.png
Saved E:\data\2p_shifted\Cx\2024-11-20_00003\suite2p\plane0\r0p7_coact_order_bin_cells\r0p7_coact_order_bin1574_cells.png
Saved E:\data\2p_shifted\Cx\2024-11-20_00003\suite2p\plane0\r0p7_coact_order_bin_cells\r0p7_coact_order_bin1590_cells.png
Saved E:\data\2p_shifted\Cx\2024-11-20_00003\suite2p\plane0\r0p7_coact_order_bin_cells\r0p7_coact_order_bin1600_cells.png
Saved E:\data\2p_shifted\Cx\2024-11-20_00003\suite2p\plane0\r0p7_coact_order_bin_cells\r0p7_coact_order_bin1610_cells.png
Saved E:\data\2p_shifted\Cx\2024-11-20_00003\suite2p\plane0\r0p7_coact_order_bin_cells\r0p7_coact_order_bin1612_cells.png
Saved E:\data\2p_shifted\Cx\2024-11-20_00003\suite2p\plane0\r0p7_coact_order_bin_cells\r0p7_coact_order_bin1648_cells.png
Saved E:\data\2p_shifted\Cx\2024-11-20_00003\suite2p\plane0\r0p7_coact_order_bin_cells\r0p7_coact_order_bin1650_cells.png
Saved E:\data\2p_shifted\Cx\2024-11-20_00003\suite2p\plane0\r0p7_coact_order_bin_cells\r0p7_coact_order_bin1668_cells.png
Saved E:\data\2p_shifted\Cx\2024-11-20_00003\suite2p\plane0\r0p7_coact_order_bin_cells\r0p7_coact_order_bin1676_cells.png
Saved E:\data\2p_shifted\Cx\2024-11-20_00003\suite2p\plane0\r0p7_coact_order_bin_cells\r0p7_coact_order_bin1688_cells.png
Saved E:\data\2p_shifted\Cx\2024-11-20_00003\suite2p\plane0\r0p7_coact_order_bin_cells\r0p7_coact_order_bin1710_cells.png
Saved E:\data\2p_shifted\Cx\2024-11-20_00003\suite2p\plane0\r0p7_coact_order_bin_cells\r0p7_coact_order_bin1714_cells.png
Saved E:\data\2p_shifted\Cx\2024-11-20_00003\suite2p\plane0\r0p7_coact_order_bin_cells\r0p7_coact_order_bin1716_cells.png
Saved E:\data\2p_shifted\Cx\2024-11-20_00003\suite2p\plane0\r0p7_coact_order_bin_cells\r0p7_coact_order_bin1722_cells.png
Saved E:\data\2p_shifted\Cx\2024-11-20_00003\suite2p\plane0\r0p7_coact_order_bin_cells\r0p7_coact_order_bin1736_cells.png
Saved E:\data\2p_shifted\Cx\2024-11-20_00003\suite2p\plane0\r0p7_coact_order_bin_cells\r0p7_coact_order_bin1776_cells.png
[CoAct] Saved 28 co-activation order maps.
